2024-06-30 11:53:15 [32minfo[39m: Server running on port 3000
2024-06-30 11:53:15 [32minfo[39m: whmsH34JqLLVuaaAAAAB is user connected
2024-06-30 11:54:20 [32minfo[39m: Server running on port 3000
2024-06-30 11:54:20 [32minfo[39m: User -W5-L-IvbEOT0d9sAAAB is connected
2024-06-30 11:54:26 [33mwarn[39m: User -W5-L-IvbEOT0d9sAAAB is disconnected
2024-06-30 11:54:26 [32minfo[39m: User UcvFRPel1fm5C_G7AAAD is connected
2024-06-30 11:56:04 [34minfo[39m: Server running on port 3000
2024-06-30 11:56:04 [34minfo[39m: User o3Fw8eVeLelfQVaQAAAB is connected
[34m2024-06-30 11:57:51 info: Server running on port 3000[39m
[34m2024-06-30 11:57:51 info: User xWHjiejsT729M2ZwAAAB is connected[39m
[33m2024-06-30 11:58:09 warn: User xWHjiejsT729M2ZwAAAB is disconnected[39m
[34m2024-06-30 11:58:09 info: User cKkoxG1hQnMLZOZMAAAD is connected[39m
2024-06-30 12:03:08 [32minfo[39m: Server running on port 3000
2024-06-30 12:03:08 [32minfo[39m: User MLeIzokFdVrg1GeEAAAB is connected
2024-06-30 12:55:23 [32minfo[39m: Server running on port 3000
2024-06-30 12:55:23 [32minfo[39m: User aFnxoH7hwDBti1IQAAAB is connected
2024-06-30 13:06:28 [33mwarn[39m: User aFnxoH7hwDBti1IQAAAB is disconnected
2024-06-30 13:06:29 [32minfo[39m: User mPlauGei--Gq1yUuAAAD is connected
2024-06-30 13:15:22 [32minfo[39m: Server running on port 3000
2024-06-30 13:15:22 [32minfo[39m: User P2LfcSx4sC0Dvp0RAAAB is connected
2024-06-30 13:17:22 [32minfo[39m: Server running on port 3000
2024-06-30 13:17:22 [32minfo[39m: User ooCO9BQgb8iriT29AAAB is connected
2024-06-30 13:17:26 [32minfo[39m: Server running on port 3000
2024-06-30 13:17:26 [32minfo[39m: User Z9OTnMWkU1EAn8IDAAAB is connected
2024-06-30 13:18:41 [32minfo[39m: Server running on port 3000
2024-06-30 13:18:42 [32minfo[39m: User pEeeZCHan6c2WhK7AAAB is connected
2024-06-30 13:18:54 [33mwarn[39m: User pEeeZCHan6c2WhK7AAAB is disconnected
2024-06-30 13:18:54 [32minfo[39m: User C4r86R3lmUaX1-CuAAAD is connected
2024-06-30 13:19:16 [33mwarn[39m: User C4r86R3lmUaX1-CuAAAD is disconnected
2024-06-30 13:19:16 [32minfo[39m: User xJ2dLDNqGA_wlQ7xAAAF is connected
2024-06-30 13:19:19 [33mwarn[39m: User xJ2dLDNqGA_wlQ7xAAAF is disconnected
2024-06-30 13:19:19 [32minfo[39m: User 8ieco59iKPwC8m8hAAAH is connected
2024-06-30 13:19:21 [33mwarn[39m: User 8ieco59iKPwC8m8hAAAH is disconnected
2024-06-30 13:19:21 [32minfo[39m: User sXVW-6Y-fch7LcUxAAAJ is connected
2024-06-30 13:20:43 [33mwarn[39m: User sXVW-6Y-fch7LcUxAAAJ is disconnected
2024-06-30 13:20:43 [32minfo[39m: User REWxwedSZhyfuuogAAAL is connected
2024-06-30 13:21:41 [33mwarn[39m: User REWxwedSZhyfuuogAAAL is disconnected
2024-06-30 13:21:41 [32minfo[39m: User Ej-3w-hf3As_SRD3AAAN is connected
2024-06-30 13:21:50 [32minfo[39m: Server running on port 3000
2024-06-30 13:21:50 [32minfo[39m: User aAm1kBd6ExrnesOyAAAB is connected
2024-06-30 13:21:53 [33mwarn[39m: User aAm1kBd6ExrnesOyAAAB is disconnected
2024-06-30 13:21:53 [32minfo[39m: User OcBhXvieCLU3o4OHAAAD is connected
2024-06-30 13:27:09 [33mwarn[39m: User OcBhXvieCLU3o4OHAAAD is disconnected
2024-06-30 13:27:10 [32minfo[39m: User sVj6nwka5uamnsGQAAAF is connected
2024-06-30 13:27:53 [33mwarn[39m: User sVj6nwka5uamnsGQAAAF is disconnected
2024-06-30 13:27:55 [32minfo[39m: User lHtxmRo6shagwCJBAAAH is connected
2024-06-30 13:35:49 [32minfo[39m: Server running on port 3000
2024-06-30 13:35:49 [32minfo[39m: User BL_z64QCnFMgEKqYAAAB is connected
2024-06-30 13:35:51 [33mwarn[39m: User BL_z64QCnFMgEKqYAAAB is disconnected
2024-06-30 13:35:51 [32minfo[39m: User HXlF8-KFcjearCbWAAAD is connected
2024-06-30 13:36:24 [32minfo[39m: Server running on port 3000
2024-06-30 13:36:24 [32minfo[39m: User jLbEuXaYVCODOQz7AAAB is connected
2024-06-30 13:36:26 [33mwarn[39m: User jLbEuXaYVCODOQz7AAAB is disconnected
2024-06-30 13:36:27 [32minfo[39m: User UB5wvMwsj9SukYD8AAAD is connected
2024-06-30 13:36:28 [33mwarn[39m: User UB5wvMwsj9SukYD8AAAD is disconnected
2024-06-30 13:36:28 [32minfo[39m: User JkYSi2CVU8or12A5AAAF is connected
2024-06-30 13:37:16 [32minfo[39m: Server running on port 3000
2024-06-30 13:37:16 [32minfo[39m: User ZexvcBKD2MU6wzdAAAAB is connected
2024-06-30 13:37:18 [33mwarn[39m: User ZexvcBKD2MU6wzdAAAAB is disconnected
2024-06-30 13:37:18 [32minfo[39m: User E5l_ROWySEEGa01AAAAD is connected
2024-06-30 13:37:22 [32minfo[39m: [login-whatsapp] - El whatsapp 2cb3c8d6-e686-4571-9730-6ededaba988b está iniciando sesión
2024-06-30 13:40:25 [33mwarn[39m: User E5l_ROWySEEGa01AAAAD is disconnected
2024-06-30 13:40:25 [32minfo[39m: User pdecLFq8KA1l9IxiAAAF is connected
2024-06-30 15:24:24 [32minfo[39m: Server running on port 3000
2024-06-30 15:24:27 [32minfo[39m: User _bbwLLbpn_MJN5OOAAAB is connected
2024-06-30 15:26:07 [32minfo[39m: [login-whatsapp] - El whatsapp 2cb3c8d6-e686-4571-9730-6ededaba988b está iniciando sesión
2024-06-30 15:26:24 [33mwarn[39m: User _bbwLLbpn_MJN5OOAAAB is disconnected
2024-06-30 15:26:24 [32minfo[39m: User o6-GIJPFMf2-MbBFAAAD is connected
2024-06-30 15:28:09 [32minfo[39m: Server running on port 3000
2024-06-30 15:28:09 [32minfo[39m: User pV-CpWHZdmjWQO8_AAAB is connected
2024-06-30 15:28:16 [33mwarn[39m: User pV-CpWHZdmjWQO8_AAAB is disconnected
2024-06-30 15:28:16 [32minfo[39m: User vt_7BxxvgoMcrBXgAAAD is connected
2024-06-30 15:28:19 [32minfo[39m: [login-whatsapp] - El whatsapp 2cb3c8d6-e686-4571-9730-6ededaba988b está iniciando sesión
2024-06-30 15:28:36 [33mwarn[39m: User vt_7BxxvgoMcrBXgAAAD is disconnected
2024-06-30 15:28:36 [32minfo[39m: User YQ-scnsC97xShgwUAAAF is connected
2024-06-30 15:29:13 [32minfo[39m: Server running on port 3000
2024-06-30 15:29:13 [32minfo[39m: User sU96oSUJ9g0a3160AAAB is connected
2024-06-30 15:33:45 [32minfo[39m: Server running on port 3000
2024-06-30 15:33:46 [32minfo[39m: User DVrr2TPHDXS7xYa9AAAB is connected
2024-06-30 15:33:49 [33mwarn[39m: User DVrr2TPHDXS7xYa9AAAB is disconnected
2024-06-30 15:33:49 [32minfo[39m: User uAwUR7rDJ1qm1-wpAAAD is connected
2024-06-30 15:33:53 [32minfo[39m: [login-whatsapp] - El whatsapp 2cb3c8d6-e686-4571-9730-6ededaba988b está iniciando sesión
2024-06-30 16:12:00 [33mwarn[39m: User uAwUR7rDJ1qm1-wpAAAD is disconnected
2024-06-30 16:12:01 [32minfo[39m: User QG0Dlpziq_AxrDI4AAAF is connected
2024-06-30 16:12:03 [33mwarn[39m: User QG0Dlpziq_AxrDI4AAAF is disconnected
2024-06-30 16:12:03 [32minfo[39m: User KGroeg-v3xBOrMELAAAH is connected
2024-06-30 16:14:12 [32minfo[39m: Server running on port 3000
2024-06-30 16:14:12 [32minfo[39m: User lub6x5S_W6Ol6PxWAAAB is connected
2024-06-30 16:14:30 [33mwarn[39m: User lub6x5S_W6Ol6PxWAAAB is disconnected
2024-06-30 16:14:30 [32minfo[39m: User YnFCbWzth6cNpMDSAAAD is connected
2024-06-30 16:14:34 [32minfo[39m: [login-whatsapp] - El whatsapp 2cb3c8d6-e686-4571-9730-6ededaba988b está iniciando sesión
2024-06-30 16:16:46 [32minfo[39m: Server running on port 3000
2024-06-30 16:16:46 [32minfo[39m: User 4_EOT3vwpl2HuUSsAAAB is connected
2024-06-30 16:16:59 [33mwarn[39m: User 4_EOT3vwpl2HuUSsAAAB is disconnected
2024-06-30 16:16:59 [32minfo[39m: User mMe_drX7xklHBVY_AAAD is connected
2024-06-30 16:18:29 [33mwarn[39m: User mMe_drX7xklHBVY_AAAD is disconnected
2024-06-30 16:18:29 [32minfo[39m: User AdP9yFpm4VcDgppYAAAF is connected
2024-06-30 16:30:22 [33mwarn[39m: User AdP9yFpm4VcDgppYAAAF is disconnected
2024-06-30 16:30:23 [32minfo[39m: User CkymZhdxGgM3XxQ1AAAH is connected
2024-06-30 16:34:52 [33mwarn[39m: User CkymZhdxGgM3XxQ1AAAH is disconnected
2024-06-30 16:34:53 [32minfo[39m: User L6TO-Gu1H9MNfy6KAAAJ is connected
2024-06-30 16:37:19 [33mwarn[39m: User L6TO-Gu1H9MNfy6KAAAJ is disconnected
2024-06-30 16:37:19 [32minfo[39m: User I_Xzxa7funCrkWUDAAAL is connected
2024-06-30 17:10:27 [32minfo[39m: Server running on port 3000
2024-06-30 17:10:27 [32minfo[39m: User Z2O0uwlqTK_CSDy2AAAB is connected
2024-06-30 17:11:57 [32minfo[39m: Server running on port 3000
2024-06-30 17:11:57 [32minfo[39m: User H0JKWWUZj2PVRcGqAAAB is connected
2024-06-30 17:12:07 [32minfo[39m: Server running on port 3000
2024-06-30 17:12:07 [32minfo[39m: User bM0ByvpbmyFQrD0dAAAB is connected
2024-06-30 17:12:43 [32minfo[39m: Server running on port 3000
2024-06-30 17:12:44 [32minfo[39m: User sXQZHN0ykXDwBQw2AAAB is connected
2024-06-30 17:13:12 [32minfo[39m: Server running on port 3000
2024-06-30 17:13:12 [32minfo[39m: User 0LZAf1KoXoM9HvoDAAAB is connected
2024-06-30 17:13:23 [32minfo[39m: Server running on port 3000
2024-06-30 17:13:24 [32minfo[39m: User upTohbALqhrsxsjFAAAB is connected
2024-06-30 17:16:13 [32minfo[39m: Server running on port 3000
2024-06-30 17:16:13 [32minfo[39m: User SQ3iwQFaryXTQm5IAAAB is connected
2024-06-30 17:17:14 [32minfo[39m: Server running on port 3000
2024-06-30 17:17:14 [32minfo[39m: User 2GaVFxBcU72UoeWDAAAB is connected
2024-06-30 17:17:48 [32minfo[39m: Server running on port 3000
2024-06-30 17:17:49 [32minfo[39m: User 4SUvtw0FelGZBDaWAAAB is connected
2024-06-30 17:20:41 [32minfo[39m: Server running on port 3000
2024-06-30 17:20:42 [32minfo[39m: User RjvR8MUoRooYD_ggAAAB is connected
2024-06-30 17:58:46 [32minfo[39m: Server running on port 3000
2024-06-30 17:58:47 [32minfo[39m: User Nz5HdBj54t4cRtnFAAAB is connected
2024-06-30 18:05:46 [32minfo[39m: Server running on port 3000
2024-06-30 18:05:46 [32minfo[39m: User 4kt2uLN3jc9A9yKLAAAB is connected
2024-06-30 18:08:58 [33mwarn[39m: User 4kt2uLN3jc9A9yKLAAAB is disconnected
2024-06-30 18:08:59 [32minfo[39m: User zc2088lnRV-3bHwjAAAD is connected
2024-06-30 18:09:31 [33mwarn[39m: User zc2088lnRV-3bHwjAAAD is disconnected
2024-06-30 18:09:32 [32minfo[39m: User kPRVglFb9c2DcVARAAAF is connected
2024-06-30 19:18:44 [33mwarn[39m: User kPRVglFb9c2DcVARAAAF is disconnected
2024-06-30 19:18:46 [32minfo[39m: User urxURIcKoO4oyHjlAAAH is connected
2024-06-30 19:41:11 [33mwarn[39m: User urxURIcKoO4oyHjlAAAH is disconnected
2024-06-30 19:41:11 [32minfo[39m: User vNY-Pv02onl8OQ1XAAAJ is connected
2024-06-30 19:46:53 [33mwarn[39m: User vNY-Pv02onl8OQ1XAAAJ is disconnected
2024-06-30 19:46:54 [32minfo[39m: User WBTRkHcrrSNitN1bAAAL is connected
2024-06-30 19:56:03 [33mwarn[39m: User WBTRkHcrrSNitN1bAAAL is disconnected
2024-06-30 19:56:04 [32minfo[39m: User bbNb4e9ap0HL0LkSAAAN is connected
2024-06-30 19:58:05 [33mwarn[39m: User bbNb4e9ap0HL0LkSAAAN is disconnected
2024-06-30 19:58:05 [32minfo[39m: User 6H6wTbFfLIPU3CL5AAAP is connected
2024-06-30 20:02:27 [33mwarn[39m: User 6H6wTbFfLIPU3CL5AAAP is disconnected
2024-06-30 20:02:27 [32minfo[39m: User ZqKdZMBB3sH4jtwZAAAR is connected
2024-06-30 20:05:28 [33mwarn[39m: User ZqKdZMBB3sH4jtwZAAAR is disconnected
2024-06-30 20:05:29 [32minfo[39m: User vev0jkMynX_3V1hQAAAT is connected
2024-06-30 20:09:40 [33mwarn[39m: User vev0jkMynX_3V1hQAAAT is disconnected
2024-06-30 20:09:41 [32minfo[39m: User FpbSb93U8yemOwtuAAAV is connected
2024-06-30 20:42:04 [33mwarn[39m: User FpbSb93U8yemOwtuAAAV is disconnected
2024-06-30 20:42:05 [32minfo[39m: User dY1Hz1q6MR0Kz6-jAAAX is connected
2024-06-30 20:52:12 [32minfo[39m: Server running on port 3000
2024-06-30 20:52:12 [32minfo[39m: User ccf_KnyOJUmEy0h_AAAB is connected
2024-06-30 20:52:15 [33mwarn[39m: User ccf_KnyOJUmEy0h_AAAB is disconnected
2024-06-30 20:52:16 [32minfo[39m: User -TbDZX8xIw3V74yNAAAD is connected
2024-06-30 20:54:56 [32minfo[39m: [login-whatsapp] - El whatsapp 684eceb1-98bd-4ee8-8883-a9450857be2d está iniciando sesión
2024-06-30 20:57:20 [32minfo[39m: Sending message to 5491132404558
2024-06-30 20:57:20 [32minfo[39m: Sending message to 5491132404558
2024-06-30 20:58:14 [32minfo[39m: Server running on port 3000
2024-06-30 20:58:16 [32minfo[39m: User LjrPDXIFnrAAeRXGAAAB is connected
2024-06-30 20:58:20 [32minfo[39m: [login-whatsapp] - El whatsapp 684eceb1-98bd-4ee8-8883-a9450857be2d está iniciando sesión
2024-06-30 20:59:24 [32minfo[39m: Sending message to 5491132404558
2024-06-30 20:59:24 [32minfo[39m: Sending message to 5491132404558
2024-06-30 20:59:48 [32minfo[39m: Server running on port 3000
2024-06-30 20:59:50 [32minfo[39m: User PipjP_-J-VAge9MnAAAB is connected
2024-06-30 20:59:57 [32minfo[39m: [login-whatsapp] - El whatsapp 684eceb1-98bd-4ee8-8883-a9450857be2d está iniciando sesión
2024-06-30 21:00:54 [32minfo[39m: Server running on port 3000
2024-06-30 21:00:55 [32minfo[39m: User IPOAVFxE6WIoYoScAAAB is connected
2024-06-30 21:01:03 [32minfo[39m: [login-whatsapp] - El whatsapp 684eceb1-98bd-4ee8-8883-a9450857be2d está iniciando sesión
2024-06-30 21:02:12 [32minfo[39m: Sending message to 5491132404558
2024-06-30 21:02:12 [32minfo[39m: Sending message to 5491132404558
2024-06-30 21:08:50 [32minfo[39m: Sending message to 5491132404558
2024-06-30 21:08:50 [32minfo[39m: Sending message to 5491132404558
2024-06-30 21:12:03 [32minfo[39m: Sending message to 5491132404558
2024-06-30 21:12:03 [32minfo[39m: Sending message to 5491132404558
2024-06-30 21:13:16 [32minfo[39m: Sending message to 5491132404558
2024-06-30 21:13:16 [32minfo[39m: Sending message to 5491132404558
2024-06-30 21:15:09 [32minfo[39m: Sending message to 5491132404558
2024-06-30 21:15:09 [32minfo[39m: Sending message to 5491132404558
2024-06-30 21:15:12 [33mwarn[39m: User IPOAVFxE6WIoYoScAAAB is disconnected
2024-06-30 21:15:12 [32minfo[39m: User CTeLTF2JhULTg9IZAAAD is connected
2024-06-30 21:15:23 [32minfo[39m: Sending message to 5491132404558
2024-06-30 21:15:23 [32minfo[39m: Sending message to 5491132404558
2024-06-30 21:15:54 [32minfo[39m: Sending message to 5491132404558
2024-06-30 21:15:54 [32minfo[39m: Sending message to 5491132404558
2024-06-30 21:16:22 [32minfo[39m: Sending message to 5491132404558
2024-06-30 21:16:22 [32minfo[39m: Sending message to 5491132404558
2024-06-30 21:17:06 [32minfo[39m: Sending message to 5491132404558
2024-06-30 21:17:06 [32minfo[39m: Sending message to 5491132404558
2024-06-30 21:17:48 [33mwarn[39m: User CTeLTF2JhULTg9IZAAAD is disconnected
2024-06-30 21:17:49 [32minfo[39m: User cDArxAy36tRQX8UQAAAF is connected
2024-06-30 21:18:02 [32minfo[39m: Sending message to 5491132404558
2024-06-30 21:18:02 [32minfo[39m: Sending message to 5491132404558
2024-06-30 21:22:44 [32minfo[39m: Sending message to 5491132404558
2024-06-30 21:22:44 [32minfo[39m: Sending message to 5491132404558
2024-06-30 21:26:04 [32minfo[39m: Sending message to 5491132404558
2024-06-30 21:26:04 [32minfo[39m: Sending message to 5491132404558
2024-06-30 21:27:18 [33mwarn[39m: User cDArxAy36tRQX8UQAAAF is disconnected
2024-06-30 21:27:19 [32minfo[39m: User wZpMNRsSnXX7WN8BAAAH is connected
2024-06-30 21:27:27 [32minfo[39m: Sending message to 5491132404558
2024-06-30 21:27:27 [32minfo[39m: Sending message to 5491132404558
2024-06-30 21:35:08 [32minfo[39m: Sending message to 5491132404558
2024-06-30 21:35:08 [32minfo[39m: Sending message to 5491132404558
2024-06-30 21:37:57 [32minfo[39m: Sending message to 5491132404558
2024-06-30 21:37:57 [32minfo[39m: Sending message to 5491132404558
2024-06-30 22:04:45 [32minfo[39m: Sending message to 5491132404558
2024-06-30 22:04:45 [32minfo[39m: Sending message to 5491132404558
2024-06-30 22:05:34 [32minfo[39m: Sending message to 
2024-06-30 22:05:34 [32minfo[39m: Sending message to 
2024-06-30 22:07:06 [32minfo[39m: Sending message to 5491132404558
2024-06-30 22:07:06 [32minfo[39m: Sending message to 5491132404558
2024-06-30 22:11:42 [32minfo[39m: Sending message to 5491132404558
2024-06-30 22:11:42 [32minfo[39m: Sending message to 5491132404558
2024-06-30 22:13:55 [32minfo[39m: Sending message to 5491132404558
2024-06-30 22:13:55 [32minfo[39m: Sending message to 5491132404558
2024-06-30 22:20:02 [32minfo[39m: Server running on port 3000
2024-06-30 22:20:02 [32minfo[39m: User qZlAet-ld1eGmMVuAAAB is connected
2024-06-30 22:20:09 [32minfo[39m: [login-whatsapp] - El whatsapp 684eceb1-98bd-4ee8-8883-a9450857be2d está iniciando sesión
2024-06-30 22:20:37 [31merror[39m: Failed to send message to 5491132404558 using WhatsApp index 0: Error: Evaluation failed: Error: wid error: invalid wid
    at new Error (<anonymous>:5:31)
    at h (https://static.whatsapp.net/rsrc.php/v3/yH/r/ht8oIC_2H5Y.js?_nc_x=Ij3Wp8lg5Kz:70:191)
    at new a (https://static.whatsapp.net/rsrc.php/v3iPAE4/yk/l/rt/3cxZuw_x-hf.js?_nc_x=Ij3Wp8lg5Kz:1218:1586)
    at Object.o [as createWid] (https://static.whatsapp.net/rsrc.php/v3iPAE4/yk/l/rt/3cxZuw_x-hf.js?_nc_x=Ij3Wp8lg5Kz:1220:909)
    at pptr://__puppeteer_evaluation_script__:2:53
2024-06-30 22:20:37 [31merror[39m: Failed to send message to 5491132404558 using WhatsApp index 0: Error: Evaluation failed: Error: wid error: invalid wid
    at new Error (<anonymous>:5:31)
    at h (https://static.whatsapp.net/rsrc.php/v3/yH/r/ht8oIC_2H5Y.js?_nc_x=Ij3Wp8lg5Kz:70:191)
    at new a (https://static.whatsapp.net/rsrc.php/v3iPAE4/yk/l/rt/3cxZuw_x-hf.js?_nc_x=Ij3Wp8lg5Kz:1218:1586)
    at Object.o [as createWid] (https://static.whatsapp.net/rsrc.php/v3iPAE4/yk/l/rt/3cxZuw_x-hf.js?_nc_x=Ij3Wp8lg5Kz:1220:909)
    at pptr://__puppeteer_evaluation_script__:2:53
2024-06-30 22:21:37 [32minfo[39m: Server running on port 3000
2024-06-30 22:21:38 [32minfo[39m: User i_Ff-CetGqaC0e_oAAAB is connected
2024-06-30 22:21:41 [32minfo[39m: [login-whatsapp] - El whatsapp 684eceb1-98bd-4ee8-8883-a9450857be2d está iniciando sesión
2024-06-30 22:22:10 [32minfo[39m: Message sent to 5491132404558 using WhatsApp index 0
2024-06-30 22:22:10 [32minfo[39m: Message sent to 5491132404558 using WhatsApp index 0
2024-06-30 22:23:21 [32minfo[39m: Message sent to 5491132404558 using WhatsApp index 0
2024-06-30 22:23:27 [32minfo[39m: Message sent to 5491132404558 using WhatsApp index 0
2024-06-30 22:30:02 [32minfo[39m: Server running on port 3000
2024-06-30 22:30:02 [32minfo[39m: User S-8Via6C05-BJzevAAAB is connected
2024-06-30 22:30:20 [31merror[39m: No WhatsApps available to send message
2024-06-30 22:30:24 [32minfo[39m: [login-whatsapp] - El whatsapp 684eceb1-98bd-4ee8-8883-a9450857be2d está iniciando sesión
2024-06-30 22:30:25 [31merror[39m: Failed to send message to 5491132404558 using WhatsApp index 0: Error: Evaluation failed: TypeError: Cannot read properties of undefined (reading 'WidFactory')
    at pptr://__puppeteer_evaluation_script__:2:42
2024-06-30 22:30:50 [32minfo[39m: Message sent to 5491132404558 using WhatsApp index 0
2024-06-30 22:30:55 [32minfo[39m: Message sent to 5491132404558 using WhatsApp index 0
2024-06-30 22:38:01 [32minfo[39m: Server running on port 3000
2024-06-30 22:38:10 [32minfo[39m: User PgB12HAdsYS1ZGpeAAAB is connected
2024-06-30 22:38:15 [33mwarn[39m: User PgB12HAdsYS1ZGpeAAAB is disconnected
2024-06-30 22:38:16 [32minfo[39m: User VIOsIsMYiIS6wOOqAAAD is connected
2024-06-30 22:41:47 [32minfo[39m: Message sent to 5491132404558 using WhatsApp index 0
2024-06-30 22:41:51 [32minfo[39m: Message sent to 5491132404558 using WhatsApp index 0
2024-06-30 22:43:52 [31merror[39m: Failed to send message to 5491132404558 using WhatsApp index 0: Error: Evaluation failed: a
2024-06-30 22:43:58 [31merror[39m: Failed to send message to 5491132404558 using WhatsApp index 0: Error: Evaluation failed: a
2024-06-30 22:45:18 [31merror[39m: Failed to send message to 5491132404558 using WhatsApp index 0: Error: Evaluation failed: a
2024-06-30 22:45:23 [31merror[39m: Failed to send message to 5491132404558 using WhatsApp index 0: Error: Evaluation failed: a
2024-06-30 22:45:37 [32minfo[39m: Message sent to 5491132404558 using WhatsApp index 0
2024-06-30 22:45:43 [32minfo[39m: Message sent to 5491132404558 using WhatsApp index 0
2024-06-30 22:48:03 [31merror[39m: Failed to send message to 5491132404558 using WhatsApp index 0: Error: Evaluation failed: a
2024-06-30 22:48:08 [31merror[39m: Failed to send message to 5491132404558 using WhatsApp index 0: Error: Evaluation failed: a
2024-06-30 22:48:23 [32minfo[39m: Server running on port 3000
2024-06-30 22:48:25 [32minfo[39m: User PLpwJ2hzTh4PaePFAAAB is connected
2024-06-30 22:48:26 [32minfo[39m: [login-whatsapp] - El whatsapp 9d941509-8e7c-4897-9fa2-fcb27e406e2f está iniciando sesión
2024-06-30 22:49:50 [32minfo[39m: Server running on port 3000
2024-06-30 22:49:55 [32minfo[39m: User 5NglEiUPI0ebeiYHAAAB is connected
2024-06-30 22:49:55 [31merror[39m: No WhatsApps available to send message
2024-06-30 22:49:55 [32minfo[39m: [login-whatsapp] - El whatsapp 9d941509-8e7c-4897-9fa2-fcb27e406e2f está iniciando sesión
2024-06-30 22:50:37 [32minfo[39m: Server running on port 3000
2024-06-30 22:50:39 [32minfo[39m: User UoFlYQkkYUbpSSrxAAAB is connected
2024-06-30 22:50:39 [31merror[39m: No WhatsApps available to send message
2024-06-30 22:50:40 [32minfo[39m: [login-whatsapp] - El whatsapp 9d941509-8e7c-4897-9fa2-fcb27e406e2f está iniciando sesión
2024-06-30 22:51:15 [31merror[39m: Failed to send message to 5491132404558 using WhatsApp index 0: Error: Evaluation failed: a
2024-06-30 22:51:20 [31merror[39m: Failed to send message to 5491132404558 using WhatsApp index 0: Error: Evaluation failed: a
2024-06-30 22:53:55 [32minfo[39m: Server running on port 3000
2024-06-30 22:53:58 [32minfo[39m: User zAYjp3Xj5Y28B9-wAAAB is connected
2024-06-30 22:54:01 [32minfo[39m: [login-whatsapp] - El whatsapp 9d941509-8e7c-4897-9fa2-fcb27e406e2f está iniciando sesión
2024-06-30 22:54:52 [31merror[39m: Failed to send message to 5491132404558 using WhatsApp index 0: Error: Evaluation failed: a
2024-06-30 22:54:57 [31merror[39m: Failed to send message to 5491132404558 using WhatsApp index 0: Error: Evaluation failed: a
2024-06-30 22:55:48 [32minfo[39m: Server running on port 3000
2024-06-30 22:55:48 [32minfo[39m: User yWrR9lDV8MXHBg1yAAAB is connected
2024-06-30 22:56:38 [31merror[39m: No WhatsApps available to send message
2024-06-30 22:56:42 [32minfo[39m: [login-whatsapp] - El whatsapp 9d941509-8e7c-4897-9fa2-fcb27e406e2f está iniciando sesión
2024-06-30 22:56:43 [31merror[39m: Failed to send message to 5491132404558 using WhatsApp index 0: TypeError: Cannot read properties of null (reading 'evaluate')
2024-06-30 22:57:15 [31merror[39m: Failed to send message to 5491132404558 using WhatsApp index 0: Error: Evaluation failed: a
2024-06-30 22:57:20 [31merror[39m: Failed to send message to 5491132404558 using WhatsApp index 0: Error: Evaluation failed: a
2024-06-30 22:58:35 [32minfo[39m: Server running on port 3000
2024-06-30 22:58:36 [32minfo[39m: User kl-WyRCUXIOmVvq1AAAB is connected
2024-06-30 22:58:45 [32minfo[39m: [login-whatsapp] - El whatsapp 9d941509-8e7c-4897-9fa2-fcb27e406e2f está iniciando sesión
2024-06-30 22:59:28 [31merror[39m: Failed to send message to 5491132404558 using WhatsApp index 0: Error: Evaluation failed: a
2024-06-30 22:59:33 [31merror[39m: Failed to send message to 5491132404558 using WhatsApp index 0: Error: Evaluation failed: a
2024-06-30 23:00:47 [32minfo[39m: Server running on port 3000
2024-06-30 23:00:50 [32minfo[39m: User rWS3DMe9fwcr3oBrAAAB is connected
2024-06-30 23:00:53 [32minfo[39m: [login-whatsapp] - El whatsapp 9d941509-8e7c-4897-9fa2-fcb27e406e2f está iniciando sesión
2024-06-30 23:01:41 [31merror[39m: Failed to send message to 5491132404558 using WhatsApp index 0: Error: Evaluation failed: a
2024-06-30 23:01:46 [31merror[39m: Failed to send message to 5491132404558 using WhatsApp index 0: Error: Evaluation failed: a
2024-06-30 23:02:26 [32minfo[39m: Server running on port 3000
2024-06-30 23:02:27 [32minfo[39m: User tijCDV-IP551tUlyAAAB is connected
2024-06-30 23:02:35 [32minfo[39m: [login-whatsapp] - El whatsapp 9d941509-8e7c-4897-9fa2-fcb27e406e2f está iniciando sesión
2024-06-30 23:03:17 [31merror[39m: Failed to send message to 5491132404558 using WhatsApp index 0: Error: Evaluation failed: a
2024-06-30 23:03:22 [31merror[39m: Failed to send message to 5491132404558 using WhatsApp index 0: Error: Evaluation failed: a
2024-06-30 23:04:44 [32minfo[39m: Server running on port 3000
2024-06-30 23:04:44 [32minfo[39m: User K-R_mwKZcjigYqU7AAAB is connected
2024-06-30 23:04:46 [32minfo[39m: [login-whatsapp] - El whatsapp 9d941509-8e7c-4897-9fa2-fcb27e406e2f está iniciando sesión
2024-06-30 23:05:16 [31merror[39m: Failed to send message to 5491132404558 using WhatsApp index 0: Error: Evaluation failed: a
2024-06-30 23:05:21 [31merror[39m: Failed to send message to 5491132404558 using WhatsApp index 0: Error: Evaluation failed: a
2024-06-30 23:05:45 [32minfo[39m: Message sent to 5491132404558 using WhatsApp index 0
2024-06-30 23:05:49 [32minfo[39m: Message sent to 5491132404558 using WhatsApp index 0
2024-06-30 23:06:40 [31merror[39m: Failed to send message to 5491132404558 using WhatsApp index 0: Error: Evaluation failed: a
2024-06-30 23:06:45 [31merror[39m: Failed to send message to 5491132404558 using WhatsApp index 0: Error: Evaluation failed: a
2024-06-30 23:07:31 [32minfo[39m: Server running on port 3000
2024-06-30 23:07:31 [32minfo[39m: User dWG46Msn3UsnR7s8AAAB is connected
2024-06-30 23:07:36 [32minfo[39m: [login-whatsapp] - El whatsapp 9d941509-8e7c-4897-9fa2-fcb27e406e2f está iniciando sesión
2024-06-30 23:08:11 [31merror[39m: Failed to send message to 5491132404558 using WhatsApp index 0: Error: Evaluation failed: a
2024-06-30 23:08:16 [31merror[39m: Failed to send message to 5491132404558 using WhatsApp index 0: Error: Evaluation failed: a
2024-07-01 10:26:15 [32minfo[39m: Server running on port 3000
2024-07-01 10:26:19 [32minfo[39m: User yPaywMsa4ndt05a8AAAB is connected
2024-07-01 10:27:39 [32minfo[39m: Server running on port 3000
2024-07-01 10:27:40 [32minfo[39m: User bZyHpwtxWwKbpgrnAAAB is connected
2024-07-01 10:28:54 [33mwarn[39m: User bZyHpwtxWwKbpgrnAAAB is disconnected
2024-07-01 10:28:58 [32minfo[39m: User vV9WSriSV5bFcwp8AAAD is connected
2024-07-01 10:31:04 [32minfo[39m: [login-whatsapp] - El whatsapp 9d941509-8e7c-4897-9fa2-fcb27e406e2f está iniciando sesión
2024-07-01 10:31:36 [32minfo[39m: Message sent to 5491132404558 using WhatsApp index 0
2024-07-01 10:31:42 [32minfo[39m: Message sent to 5491132404558 using WhatsApp index 0
2024-07-01 10:33:04 [31merror[39m: Failed to send message to 5491132404558 using WhatsApp index 0: Error: Evaluation failed: a
2024-07-01 10:33:10 [31merror[39m: Failed to send message to 5491132404558 using WhatsApp index 0: Error: Evaluation failed: a
2024-07-01 11:33:29 [33mwarn[39m: User vV9WSriSV5bFcwp8AAAD is disconnected
2024-07-01 11:33:29 [32minfo[39m: User cBsl4CVQjzyJIFPtAAAF is connected
2024-07-01 12:14:06 [32minfo[39m: Server running on port 3000
2024-07-01 12:14:06 [32minfo[39m: User 5tahYNKpvfiGSqnyAAAB is connected
2024-07-01 12:17:32 [32minfo[39m: [login-whatsapp] - El whatsapp 9d941509-8e7c-4897-9fa2-fcb27e406e2f está iniciando sesión
2024-07-01 12:23:56 [32minfo[39m: Message sent to 5491132404558 using WhatsApp index 0
2024-07-01 12:24:02 [32minfo[39m: Message sent to 5491132404558 using WhatsApp index 1
2024-07-01 12:24:07 [32minfo[39m: Message sent to 5491132404558 using WhatsApp index 2
2024-07-01 12:24:12 [32minfo[39m: Message sent to 5491132404558 using WhatsApp index 0
2024-07-01 12:24:18 [32minfo[39m: Message sent to 5491132404558 using WhatsApp index 1
2024-07-01 12:24:23 [32minfo[39m: Message sent to 5491132404558 using WhatsApp index 2
2024-07-01 12:24:28 [32minfo[39m: Message sent to 5491132404558 using WhatsApp index 0
2024-07-01 12:24:34 [32minfo[39m: Message sent to 5491132404558 using WhatsApp index 1
2024-07-01 12:24:39 [32minfo[39m: Message sent to 5491132404558 using WhatsApp index 2
2024-07-01 14:15:51 [32minfo[39m: Server running on port 3000
2024-07-01 14:15:59 [32minfo[39m: User 2k3HsO5Go51PURIUAAAB is connected
2024-07-01 14:24:43 [33mwarn[39m: User 2k3HsO5Go51PURIUAAAB is disconnected
2024-07-01 14:24:44 [32minfo[39m: User NzIa809BqWJ3XsCKAAAD is connected
2024-07-01 14:27:34 [33mwarn[39m: User NzIa809BqWJ3XsCKAAAD is disconnected
2024-07-01 14:27:35 [32minfo[39m: User F8ZKTeFVU2JfZQcLAAAF is connected
2024-07-01 14:28:22 [33mwarn[39m: User F8ZKTeFVU2JfZQcLAAAF is disconnected
2024-07-01 14:28:22 [32minfo[39m: User pE8UFmsCcZl-9YLIAAAH is connected
2024-07-01 14:30:06 [33mwarn[39m: User pE8UFmsCcZl-9YLIAAAH is disconnected
2024-07-01 14:30:06 [32minfo[39m: User HSHNjhFHFVNpQw97AAAJ is connected
2024-07-01 14:50:58 [33mwarn[39m: User HSHNjhFHFVNpQw97AAAJ is disconnected
2024-07-01 14:50:58 [32minfo[39m: User T3S1p6PZtVfxMpE9AAAL is connected
2024-07-01 15:52:18 [33mwarn[39m: User T3S1p6PZtVfxMpE9AAAL is disconnected
2024-07-01 15:52:19 [32minfo[39m: User GB-oAnzEeu4yMVc0AAAN is connected
2024-07-01 15:56:57 [33mwarn[39m: User GB-oAnzEeu4yMVc0AAAN is disconnected
2024-07-01 15:56:58 [32minfo[39m: User FO0_NqLFxo-INDy9AAAP is connected
2024-07-01 16:01:20 [33mwarn[39m: User FO0_NqLFxo-INDy9AAAP is disconnected
2024-07-01 16:01:21 [32minfo[39m: User TK7ReE6VZTiSIcpgAAAR is connected
2024-07-01 16:07:31 [33mwarn[39m: User TK7ReE6VZTiSIcpgAAAR is disconnected
2024-07-01 16:07:32 [32minfo[39m: User 7dHtmzamRiym3ADOAAAT is connected
2024-07-01 16:08:01 [33mwarn[39m: User 7dHtmzamRiym3ADOAAAT is disconnected
2024-07-01 16:08:02 [32minfo[39m: User ZaO8wonRmkomStxiAAAV is connected
2024-07-01 16:09:09 [32minfo[39m: Server running on port 3000
2024-07-01 16:09:09 [32minfo[39m: User agW4-DxYX1V_XGqUAAAB is connected
2024-07-01 16:17:54 [33mwarn[39m: User agW4-DxYX1V_XGqUAAAB is disconnected
2024-07-01 16:17:54 [32minfo[39m: User OLd4ztGG-d6R0hL1AAAD is connected
2024-07-01 16:18:31 [33mwarn[39m: User OLd4ztGG-d6R0hL1AAAD is disconnected
2024-07-01 16:18:31 [32minfo[39m: User 3Y0DHWCBAJSSA4y1AAAF is connected
2024-07-01 16:27:46 [33mwarn[39m: User 3Y0DHWCBAJSSA4y1AAAF is disconnected
2024-07-01 16:27:46 [32minfo[39m: User waKDwmI8qfSyC0ZyAAAH is connected
2024-07-01 16:34:31 [33mwarn[39m: User waKDwmI8qfSyC0ZyAAAH is disconnected
2024-07-01 16:34:32 [32minfo[39m: User r1IsEI7oZvcM7NXqAAAJ is connected
2024-07-01 16:37:15 [32minfo[39m: Server running on port 3000
2024-07-01 16:37:15 [32minfo[39m: User yGZE212Y46Qdv7HCAAAB is connected
2024-07-01 16:37:19 [33mwarn[39m: User yGZE212Y46Qdv7HCAAAB is disconnected
2024-07-01 16:37:19 [32minfo[39m: User VGiO1xii69aTOUYtAAAD is connected
2024-07-01 16:37:22 [32minfo[39m: [login-whatsapp] - El whatsapp 9d941509-8e7c-4897-9fa2-fcb27e406e2f está iniciando sesión
2024-07-01 16:39:25 [32minfo[39m: Message sent to 5491132404558 using WhatsApp index 0
2024-07-01 16:39:30 [32minfo[39m: Message sent to 5491132404558 using WhatsApp index 0
2024-07-01 16:40:50 [32minfo[39m: Server running on port 3000
2024-07-01 16:40:50 [32minfo[39m: User Gvc1AQcZ0sMBR7bpAAAB is connected
2024-07-01 16:40:55 [32minfo[39m: [login-whatsapp] - El whatsapp 9d941509-8e7c-4897-9fa2-fcb27e406e2f está iniciando sesión
2024-07-01 16:41:50 [32minfo[39m: Message sent to 5491132404558 using WhatsApp index 0
2024-07-01 16:41:56 [32minfo[39m: Message sent to 5491132404558 using WhatsApp index 0
2024-07-01 18:06:10 [33mwarn[39m: User Gvc1AQcZ0sMBR7bpAAAB is disconnected
2024-07-01 18:06:11 [32minfo[39m: User uNiCHbsDKPESLNMnAAAD is connected
2024-07-01 18:06:16 [33mwarn[39m: User uNiCHbsDKPESLNMnAAAD is disconnected
2024-07-01 18:06:16 [32minfo[39m: User 0TBxov2ZYD3X_uowAAAF is connected
2024-07-01 18:06:38 [33mwarn[39m: User 0TBxov2ZYD3X_uowAAAF is disconnected
2024-07-01 18:06:38 [32minfo[39m: User HPdIbTQ5cmb7MBOwAAAH is connected
2024-07-01 18:07:38 [32minfo[39m: Message sent to 5491132404558 using WhatsApp index 0
2024-07-01 18:07:44 [32minfo[39m: Message sent to 5491132404558 using WhatsApp index 0
2024-07-01 18:08:42 [32minfo[39m: Server running on port 3000
2024-07-01 18:08:42 [32minfo[39m: User Yeydmb_LIl_QssGhAAAB is connected
2024-07-01 18:08:48 [32minfo[39m: [login-whatsapp] - El whatsapp 9d941509-8e7c-4897-9fa2-fcb27e406e2f está iniciando sesión
2024-07-01 18:09:03 [32minfo[39m: Message sent to 5491132404558 using WhatsApp index 0
2024-07-01 18:09:08 [32minfo[39m: Message sent to 5491132404558 using WhatsApp index 0
2024-07-01 18:10:14 [32minfo[39m: Message sent to 5491132404558 using WhatsApp index 0
2024-07-01 18:10:19 [32minfo[39m: Message sent to 5491132404558 using WhatsApp index 0
2024-07-01 18:14:26 [32minfo[39m: Message sent to 5491132404558 using WhatsApp index 0
2024-07-01 18:14:30 [32minfo[39m: Message sent to 5491132404558 using WhatsApp index 0
2024-07-01 18:15:15 [31merror[39m: Failed to send message to 5491132404558 using WhatsApp index 0: Error: Evaluation failed: a
2024-07-01 18:15:20 [31merror[39m: Failed to send message to 5491132404558 using WhatsApp index 0: Error: Evaluation failed: a
2024-07-01 19:44:20 [33mwarn[39m: User Yeydmb_LIl_QssGhAAAB is disconnected
2024-07-01 19:44:20 [32minfo[39m: User qB6InKOydWlFGL-9AAAD is connected
2024-07-01 19:45:18 [33mwarn[39m: User qB6InKOydWlFGL-9AAAD is disconnected
2024-07-01 19:45:18 [32minfo[39m: User GJIFua7OQGfU4hQ5AAAF is connected
2024-07-01 19:45:41 [33mwarn[39m: User GJIFua7OQGfU4hQ5AAAF is disconnected
2024-07-01 19:45:42 [32minfo[39m: User bzI-bDiHjMCZexH2AAAH is connected
2024-07-01 19:48:01 [33mwarn[39m: User bzI-bDiHjMCZexH2AAAH is disconnected
2024-07-01 19:48:02 [32minfo[39m: User jd6PmIrMaAbUeKrJAAAJ is connected
2024-07-01 19:48:12 [33mwarn[39m: User jd6PmIrMaAbUeKrJAAAJ is disconnected
2024-07-01 19:48:13 [32minfo[39m: User h9iiwhV6G6QK5vJTAAAL is connected
2024-07-01 19:48:28 [33mwarn[39m: User h9iiwhV6G6QK5vJTAAAL is disconnected
2024-07-01 19:48:28 [32minfo[39m: User T23StIN4offn7W1uAAAN is connected
2024-07-01 19:48:44 [33mwarn[39m: User T23StIN4offn7W1uAAAN is disconnected
2024-07-01 19:48:45 [32minfo[39m: User uD2RPZCavq_7hL7cAAAP is connected
2024-07-01 19:48:55 [33mwarn[39m: User uD2RPZCavq_7hL7cAAAP is disconnected
2024-07-01 19:48:56 [32minfo[39m: User eCwTFBGjJFMLAqeIAAAR is connected
2024-07-01 19:49:07 [33mwarn[39m: User eCwTFBGjJFMLAqeIAAAR is disconnected
2024-07-01 19:49:07 [32minfo[39m: User Mnt8YzQ0iFrCF9viAAAT is connected
2024-07-01 19:49:53 [33mwarn[39m: User Mnt8YzQ0iFrCF9viAAAT is disconnected
2024-07-01 19:49:53 [32minfo[39m: User rNmM0kAIWwqjU8JwAAAV is connected
2024-07-01 19:50:19 [33mwarn[39m: User rNmM0kAIWwqjU8JwAAAV is disconnected
2024-07-01 19:50:19 [32minfo[39m: User Px-wE1YGoHkRHSY_AAAX is connected
2024-07-01 19:54:45 [32minfo[39m: Server running on port 3000
2024-07-01 19:54:45 [32minfo[39m: User WwDjYZzfhwDRJD17AAAB is connected
2024-07-01 19:54:48 [33mwarn[39m: User WwDjYZzfhwDRJD17AAAB is disconnected
2024-07-01 19:54:49 [32minfo[39m: User 9EDS8iVt9ttzgJOFAAAD is connected
2024-07-01 19:54:54 [32minfo[39m: [login-whatsapp] - El whatsapp 9d941509-8e7c-4897-9fa2-fcb27e406e2f está iniciando sesión
2024-07-01 19:56:34 [33mwarn[39m: User 9EDS8iVt9ttzgJOFAAAD is disconnected
2024-07-01 19:56:35 [32minfo[39m: User Bom6JGBFGJR3Zx3EAAAF is connected
2024-07-01 19:56:40 [32minfo[39m: Server running on port 3000
2024-07-01 19:56:40 [32minfo[39m: User Pi7yis-PLiYj3v8vAAAB is connected
2024-07-01 19:56:41 [33mwarn[39m: User Pi7yis-PLiYj3v8vAAAB is disconnected
2024-07-01 19:56:42 [32minfo[39m: User Z79H54ObYHTKVvo4AAAD is connected
2024-07-01 19:56:48 [32minfo[39m: [login-whatsapp] - El whatsapp 9d941509-8e7c-4897-9fa2-fcb27e406e2f está iniciando sesión
2024-07-01 20:09:19 [32minfo[39m: Server running on port 3000
2024-07-01 20:09:19 [32minfo[39m: User TddjhsEBbgRLRct6AAAB is connected
2024-07-01 20:09:32 [32minfo[39m: Server running on port 3000
2024-07-01 20:09:32 [32minfo[39m: User CbWWSshjULBc3Q0DAAAB is connected
2024-07-01 20:11:42 [32minfo[39m: Server running on port 3000
2024-07-01 20:11:43 [32minfo[39m: User 0KtpPd4HtpLrypJCAAAB is connected
2024-07-01 20:22:23 [33mwarn[39m: User 0KtpPd4HtpLrypJCAAAB is disconnected
2024-07-01 20:22:23 [32minfo[39m: User z13ZMBfKwwGf-wBAAAAD is connected
2024-07-01 20:29:39 [32minfo[39m: [login-whatsapp] - El whatsapp 9d941509-8e7c-4897-9fa2-fcb27e406e2f está iniciando sesión
2024-07-01 20:33:05 [33mwarn[39m: User z13ZMBfKwwGf-wBAAAAD is disconnected
2024-07-01 20:33:05 [32minfo[39m: User IAdCoAA2CUxPEvP2AAAF is connected
2024-07-01 20:33:10 [32minfo[39m: [login-whatsapp] - El whatsapp 9d941509-8e7c-4897-9fa2-fcb27e406e2f está iniciando sesión
2024-07-01 20:34:57 [32minfo[39m: Server running on port 3000
2024-07-01 20:34:57 [32minfo[39m: User D5dWIG0PN6937GVVAAAB is connected
2024-07-01 20:34:59 [33mwarn[39m: User D5dWIG0PN6937GVVAAAB is disconnected
2024-07-01 20:35:00 [32minfo[39m: User 6YwK0Q3OvK41GJJYAAAD is connected
2024-07-01 20:35:01 [33mwarn[39m: User 6YwK0Q3OvK41GJJYAAAD is disconnected
2024-07-01 20:35:01 [32minfo[39m: User UfWKGpAvIGfKVffZAAAF is connected
2024-07-01 20:35:19 [33mwarn[39m: User UfWKGpAvIGfKVffZAAAF is disconnected
2024-07-01 20:35:20 [32minfo[39m: User Vf9b5d_NjwhkkH-nAAAH is connected
2024-07-01 20:35:21 [32minfo[39m: [login-whatsapp] - El whatsapp 9d941509-8e7c-4897-9fa2-fcb27e406e2f está iniciando sesión
2024-07-01 20:37:39 [33mwarn[39m: User Vf9b5d_NjwhkkH-nAAAH is disconnected
2024-07-01 20:37:40 [32minfo[39m: User e4xTDY5TiAv81vt6AAAJ is connected
2024-07-01 20:37:42 [32minfo[39m: [login-whatsapp] - El whatsapp 37b3ca65-a66d-46d0-93bd-3597e32bbf27 está iniciando sesión
2024-07-01 20:41:22 [32minfo[39m: [login-whatsapp] - El whatsapp eff86ca6-4ff1-44ec-9321-ee981f4f7671 está iniciando sesión
2024-07-01 20:42:30 [33mwarn[39m: User e4xTDY5TiAv81vt6AAAJ is disconnected
2024-07-01 20:42:31 [32minfo[39m: User 5Gb02Z8PxoafVN2uAAAL is connected
2024-07-01 20:44:35 [33mwarn[39m: User 5Gb02Z8PxoafVN2uAAAL is disconnected
2024-07-01 20:44:36 [32minfo[39m: User CNDMJ2bMapoOkYyaAAAN is connected
2024-07-01 20:44:49 [33mwarn[39m: User CNDMJ2bMapoOkYyaAAAN is disconnected
2024-07-01 20:44:49 [32minfo[39m: User 67PfO1YH_I552rNAAAAP is connected
2024-07-01 20:45:34 [32minfo[39m: Server running on port 3000
2024-07-01 20:45:35 [32minfo[39m: User fJgWR1vNPPdSbG8TAAAB is connected
2024-07-01 20:45:41 [32minfo[39m: [login-whatsapp] - El whatsapp 9d941509-8e7c-4897-9fa2-fcb27e406e2f está iniciando sesión
2024-07-01 20:45:42 [32minfo[39m: [login-whatsapp] - El whatsapp 37b3ca65-a66d-46d0-93bd-3597e32bbf27 está iniciando sesión
2024-07-01 20:45:42 [32minfo[39m: [login-whatsapp] - El whatsapp eff86ca6-4ff1-44ec-9321-ee981f4f7671 está iniciando sesión
2024-07-01 20:48:00 [32minfo[39m: Message sent to 5491132404558 using WhatsApp index 0
2024-07-01 20:48:04 [32minfo[39m: Message sent to 5491132404558 using WhatsApp index 1
2024-07-01 20:48:10 [32minfo[39m: Message sent to 5491132404558 using WhatsApp index 2
2024-07-01 20:48:16 [32minfo[39m: Message sent to 5491132404558 using WhatsApp index 0
2024-07-01 20:48:22 [32minfo[39m: Message sent to 5491132404558 using WhatsApp index 1
2024-07-01 20:48:27 [32minfo[39m: Message sent to 5491132404558 using WhatsApp index 2
2024-07-01 20:48:33 [32minfo[39m: Message sent to 5491132404558 using WhatsApp index 0
2024-07-01 20:48:38 [32minfo[39m: Message sent to 5491132404558 using WhatsApp index 1
2024-07-01 20:48:44 [32minfo[39m: Message sent to 5491132404558 using WhatsApp index 2
2024-07-01 21:00:11 [32minfo[39m: Server running on port 3000
2024-07-01 21:00:11 [32minfo[39m: User mpmB_D1RiTY4Iy8-AAAB is connected
2024-07-01 21:02:45 [32minfo[39m: [login-whatsapp] - El whatsapp 9d941509-8e7c-4897-9fa2-fcb27e406e2f está iniciando sesión
2024-07-01 21:02:46 [32minfo[39m: [login-whatsapp] - El whatsapp 37b3ca65-a66d-46d0-93bd-3597e32bbf27 está iniciando sesión
2024-07-01 21:02:46 [32minfo[39m: [login-whatsapp] - El whatsapp eff86ca6-4ff1-44ec-9321-ee981f4f7671 está iniciando sesión
2024-07-01 21:07:03 [33mwarn[39m: User mpmB_D1RiTY4Iy8-AAAB is disconnected
2024-07-01 21:07:04 [32minfo[39m: User d8ciTbdza2pG3kKqAAAD is connected
2024-07-01 21:07:40 [32minfo[39m: Message sent to 5491132404558 using WhatsApp index 0
2024-07-01 21:07:45 [32minfo[39m: Message sent to 5491132404558 using WhatsApp index 1
2024-07-01 21:07:50 [32minfo[39m: Message sent to 5491132404558 using WhatsApp index 2
2024-07-01 21:07:55 [32minfo[39m: Message sent to 5491132404558 using WhatsApp index 0
2024-07-01 21:08:00 [32minfo[39m: Message sent to 5491132404558 using WhatsApp index 1
2024-07-01 21:08:05 [32minfo[39m: Message sent to 5491132404558 using WhatsApp index 2
2024-07-01 21:08:10 [32minfo[39m: Message sent to 5491132404558 using WhatsApp index 0
2024-07-01 21:08:15 [32minfo[39m: Message sent to 5491132404558 using WhatsApp index 1
2024-07-01 21:08:20 [32minfo[39m: Message sent to 5491132404558 using WhatsApp index 2
2024-07-01 21:09:15 [33mwarn[39m: User d8ciTbdza2pG3kKqAAAD is disconnected
2024-07-01 21:09:15 [32minfo[39m: User tXOghuHX0WyNUGtGAAAF is connected
2024-07-01 21:10:30 [32minfo[39m: Message sent to 5491132404558 using WhatsApp index 0
2024-07-01 21:10:35 [32minfo[39m: Message sent to 5491132404558 using WhatsApp index 1
2024-07-01 21:11:17 [33mwarn[39m: User tXOghuHX0WyNUGtGAAAF is disconnected
2024-07-01 21:11:17 [32minfo[39m: User FZI2NJMlyCyr0fAZAAAH is connected
2024-07-01 21:12:02 [32minfo[39m: Message sent to 5491132404558 using WhatsApp index 0
2024-07-01 21:12:07 [32minfo[39m: Message sent to 5491132404558 using WhatsApp index 1
2024-07-01 21:12:12 [32minfo[39m: Message sent to 5491132404558 using WhatsApp index 2
2024-07-01 21:12:17 [32minfo[39m: Message sent to 5491132404558 using WhatsApp index 0
2024-07-01 21:12:22 [32minfo[39m: Message sent to 5491132404558 using WhatsApp index 1
2024-07-01 21:12:27 [32minfo[39m: Message sent to 5491132404558 using WhatsApp index 2
2024-07-01 21:12:32 [32minfo[39m: Message sent to 5491132404558 using WhatsApp index 0
2024-07-01 21:12:37 [32minfo[39m: Message sent to 5491132404558 using WhatsApp index 1
2024-07-01 21:12:42 [32minfo[39m: Message sent to 5491132404558 using WhatsApp index 2
2024-07-01 21:20:16 [33mwarn[39m: User FZI2NJMlyCyr0fAZAAAH is disconnected
2024-07-01 21:20:16 [32minfo[39m: User 8lUFGdWq9myarSd9AAAJ is connected
2024-07-01 21:20:29 [32minfo[39m: Message sent to 5491132404558 using WhatsApp index 0
2024-07-01 21:20:34 [32minfo[39m: Message sent to 5491132404558 using WhatsApp index 1
2024-07-01 22:03:59 [33mwarn[39m: User 8lUFGdWq9myarSd9AAAJ is disconnected
2024-07-01 22:03:59 [32minfo[39m: User A60KyMhr7TwezaVmAAAL is connected
2024-07-01 22:04:10 [32minfo[39m: Message sent to 5491132404558 using WhatsApp index 0
2024-07-01 22:04:15 [32minfo[39m: Message sent to 5491132404558 using WhatsApp index 1
2024-07-01 22:06:16 [32minfo[39m: Message sent to 5491132404558 using WhatsApp index 2
2024-07-01 22:06:21 [32minfo[39m: Message sent to 5491132404558 using WhatsApp index 0
2024-07-01 22:08:01 [32minfo[39m: Server running on port 3000
2024-07-01 22:08:01 [32minfo[39m: User YNmWw-NQWdWwAt2EAAAB is connected
2024-07-01 22:08:24 [32minfo[39m: [login-whatsapp] - El whatsapp 9d941509-8e7c-4897-9fa2-fcb27e406e2f está iniciando sesión
2024-07-01 22:08:25 [32minfo[39m: [login-whatsapp] - El whatsapp 37b3ca65-a66d-46d0-93bd-3597e32bbf27 está iniciando sesión
2024-07-01 22:08:26 [32minfo[39m: [login-whatsapp] - El whatsapp eff86ca6-4ff1-44ec-9321-ee981f4f7671 está iniciando sesión
2024-07-01 22:08:48 [32minfo[39m: Message sent to 5491132404558 using WhatsApp index 0
2024-07-01 22:08:53 [32minfo[39m: Message sent to 5491132404558 using WhatsApp index 1
2024-07-01 22:22:39 [33mwarn[39m: User YNmWw-NQWdWwAt2EAAAB is disconnected
2024-07-01 22:22:40 [32minfo[39m: User qwVeH-nJHIumQ_hDAAAD is connected
2024-07-01 22:22:40 [33mwarn[39m: User qwVeH-nJHIumQ_hDAAAD is disconnected
2024-07-01 22:22:41 [32minfo[39m: User X_SLXVuZMq-iY-CcAAAF is connected
2024-07-01 22:28:08 [33mwarn[39m: User X_SLXVuZMq-iY-CcAAAF is disconnected
2024-07-01 22:28:08 [32minfo[39m: User qjV0jjs_T7G9EQqkAAAH is connected
2024-07-01 22:28:08 [33mwarn[39m: User qjV0jjs_T7G9EQqkAAAH is disconnected
2024-07-01 22:28:09 [32minfo[39m: User guYfdhHTjJQ0PLz5AAAJ is connected
2024-07-01 22:28:33 [32minfo[39m: Message sent to 5491132404558 using WhatsApp index 0
2024-07-01 22:28:38 [32minfo[39m: Message sent to 5491132404558 using WhatsApp index 1
2024-07-01 22:28:44 [32minfo[39m: Message sent to 5491132404558 using WhatsApp index 2
2024-07-01 22:28:48 [32minfo[39m: Message sent to 5491132404558 using WhatsApp index 0
2024-07-01 22:28:53 [32minfo[39m: Message sent to 5491132404558 using WhatsApp index 1
2024-07-01 22:28:58 [32minfo[39m: Message sent to 5491132404558 using WhatsApp index 2
2024-07-01 22:29:03 [32minfo[39m: Message sent to 5491132404558 using WhatsApp index 0
2024-07-01 22:29:08 [32minfo[39m: Message sent to 5491132404558 using WhatsApp index 1
2024-07-01 22:29:13 [32minfo[39m: Message sent to 5491132404558 using WhatsApp index 2
2024-07-01 22:32:01 [33mwarn[39m: User guYfdhHTjJQ0PLz5AAAJ is disconnected
2024-07-01 22:32:01 [32minfo[39m: User iuSnCYwgKBh5ttkoAAAL is connected
2024-07-01 22:32:01 [33mwarn[39m: User iuSnCYwgKBh5ttkoAAAL is disconnected
2024-07-01 22:32:02 [32minfo[39m: User Jv4wZUeLwDcbNhrLAAAN is connected
2024-07-01 22:32:26 [32minfo[39m: Message sent to 5491132404558 using WhatsApp index 0
2024-07-01 22:32:31 [32minfo[39m: Message sent to 5491132404558 using WhatsApp index 1
2024-07-01 22:33:24 [33mwarn[39m: User Jv4wZUeLwDcbNhrLAAAN is disconnected
2024-07-01 22:33:25 [32minfo[39m: User 6eu_niLyXJwBUE1RAAAP is connected
2024-07-01 22:33:25 [33mwarn[39m: User 6eu_niLyXJwBUE1RAAAP is disconnected
2024-07-01 22:33:25 [32minfo[39m: User sjhAeeU2LwKGz_TjAAAR is connected
2024-07-01 22:34:05 [33mwarn[39m: User sjhAeeU2LwKGz_TjAAAR is disconnected
2024-07-01 22:34:05 [32minfo[39m: User fLu-zgqzlJDYHgHNAAAT is connected
2024-07-01 22:34:05 [33mwarn[39m: User fLu-zgqzlJDYHgHNAAAT is disconnected
2024-07-01 22:34:06 [32minfo[39m: User Q6G4Y_h27vuigOJAAAAV is connected
2024-07-01 22:34:37 [32minfo[39m: Message sent to 5491132404558 using WhatsApp index 0
2024-07-01 22:34:42 [32minfo[39m: Message sent to 5491132404558 using WhatsApp index 1
2024-07-01 22:41:40 [33mwarn[39m: User Q6G4Y_h27vuigOJAAAAV is disconnected
2024-07-01 22:41:40 [32minfo[39m: User gLpfj2maL4ki2aiVAAAX is connected
2024-07-01 22:41:40 [33mwarn[39m: User gLpfj2maL4ki2aiVAAAX is disconnected
2024-07-01 22:41:41 [32minfo[39m: User FrYq717z-_CMJLe5AAAZ is connected
2024-07-01 22:42:39 [32minfo[39m: Message sent to 5491132404558 using WhatsApp index 0
2024-07-01 22:42:44 [32minfo[39m: Message sent to 5491132404558 using WhatsApp index 1
2024-07-01 22:42:49 [32minfo[39m: Message sent to 5491132404558 using WhatsApp index 2
2024-07-01 22:42:54 [32minfo[39m: Message sent to 5491132404558 using WhatsApp index 0
2024-07-01 22:42:59 [32minfo[39m: Message sent to 5491132404558 using WhatsApp index 1
2024-07-01 22:43:04 [32minfo[39m: Message sent to 5491132404558 using WhatsApp index 2
2024-07-01 22:43:09 [32minfo[39m: Message sent to 5491132404558 using WhatsApp index 0
2024-07-01 22:43:15 [32minfo[39m: Message sent to 5491132404558 using WhatsApp index 1
2024-07-01 22:43:20 [32minfo[39m: Message sent to 5491132404558 using WhatsApp index 2
2024-07-01 22:45:49 [32minfo[39m: Message sent to 5491132404558 using WhatsApp index 0
2024-07-01 22:45:54 [32minfo[39m: Message sent to 5491132404558 using WhatsApp index 1
2024-07-01 22:50:53 [33mwarn[39m: User FrYq717z-_CMJLe5AAAZ is disconnected
2024-07-01 22:50:54 [32minfo[39m: User SYejfflABGC-F2NEAAAb is connected
2024-07-01 22:59:29 [33mwarn[39m: User SYejfflABGC-F2NEAAAb is disconnected
2024-07-01 22:59:30 [32minfo[39m: User wOIfu-aqBI0Wj9BEAAAd is connected
2024-07-01 23:00:08 [33mwarn[39m: User wOIfu-aqBI0Wj9BEAAAd is disconnected
2024-07-01 23:00:09 [32minfo[39m: User I43xeRy4aLK-SFsiAAAf is connected
2024-07-01 23:34:12 [33mwarn[39m: User I43xeRy4aLK-SFsiAAAf is disconnected
2024-07-01 23:34:13 [32minfo[39m: User NHRsoFIuZ8eAzb2JAAAh is connected
2024-07-01 23:34:13 [33mwarn[39m: User NHRsoFIuZ8eAzb2JAAAh is disconnected
2024-07-01 23:34:13 [32minfo[39m: User 5NBv6oewqTOZYh7WAAAj is connected
2024-07-01 23:34:33 [33mwarn[39m: User 5NBv6oewqTOZYh7WAAAj is disconnected
2024-07-01 23:34:33 [32minfo[39m: User ANCtFojurgiZXZAmAAAl is connected
2024-07-01 23:34:33 [33mwarn[39m: User ANCtFojurgiZXZAmAAAl is disconnected
2024-07-01 23:34:33 [32minfo[39m: User WY0Xi4z28lAaejDyAAAn is connected
2024-07-01 23:35:32 [32minfo[39m: Server running on port 3000
2024-07-01 23:35:32 [32minfo[39m: User g2gWEAyA6b7P91pcAAAB is connected
2024-07-01 23:41:40 [33mwarn[39m: User g2gWEAyA6b7P91pcAAAB is disconnected
2024-07-01 23:41:59 [32minfo[39m: User u7NQCQsWqLsI0cE1AAAD is connected
2024-07-01 23:42:03 [32minfo[39m: [login-whatsapp] - El whatsapp 9d941509-8e7c-4897-9fa2-fcb27e406e2f está iniciando sesión
2024-07-01 23:42:05 [32minfo[39m: [login-whatsapp] - El whatsapp 37b3ca65-a66d-46d0-93bd-3597e32bbf27 está iniciando sesión
2024-07-01 23:42:06 [32minfo[39m: [login-whatsapp] - El whatsapp eff86ca6-4ff1-44ec-9321-ee981f4f7671 está iniciando sesión
2024-07-01 23:42:27 [33mwarn[39m: User u7NQCQsWqLsI0cE1AAAD is disconnected
2024-07-01 23:42:27 [32minfo[39m: User 6GyTuAi4XOISGGjSAAAF is connected
2024-07-01 23:44:29 [32minfo[39m: Server running on port 3000
2024-07-01 23:44:29 [32minfo[39m: User lGZkGajjmMpPFObPAAAB is connected
2024-07-01 23:45:01 [32minfo[39m: Server running on port 3000
2024-07-01 23:45:04 [32minfo[39m: User iSkYn6UID6Ve7i98AAAB is connected
2024-07-01 23:45:04 [33mwarn[39m: User iSkYn6UID6Ve7i98AAAB is disconnected
2024-07-01 23:45:05 [32minfo[39m: User FOoy0YIClz01eRWDAAAD is connected
2024-07-01 23:45:05 [33mwarn[39m: User FOoy0YIClz01eRWDAAAD is disconnected
2024-07-01 23:45:05 [32minfo[39m: User Y08eUfT_asztEP83AAAF is connected
2024-07-01 23:45:30 [33mwarn[39m: User Y08eUfT_asztEP83AAAF is disconnected
2024-07-01 23:45:30 [32minfo[39m: User ji4-CpRzkhxvfTjWAAAI is connected
2024-07-01 23:47:44 [33mwarn[39m: User ji4-CpRzkhxvfTjWAAAI is disconnected
2024-07-01 23:47:44 [32minfo[39m: User NzhY0o1sGNfnmmf3AAAK is connected
2024-07-01 23:47:48 [33mwarn[39m: User NzhY0o1sGNfnmmf3AAAK is disconnected
2024-07-01 23:47:56 [32minfo[39m: User Io1U0E5x66tnY2U5AAAM is connected
2024-07-01 23:47:58 [32minfo[39m: [login-whatsapp] - El whatsapp 9d941509-8e7c-4897-9fa2-fcb27e406e2f está iniciando sesión
2024-07-01 23:48:00 [32minfo[39m: [login-whatsapp] - El whatsapp 37b3ca65-a66d-46d0-93bd-3597e32bbf27 está iniciando sesión
2024-07-01 23:48:01 [32minfo[39m: [login-whatsapp] - El whatsapp eff86ca6-4ff1-44ec-9321-ee981f4f7671 está iniciando sesión
2024-07-01 23:48:05 [33mwarn[39m: User Io1U0E5x66tnY2U5AAAM is disconnected
2024-07-01 23:48:05 [32minfo[39m: User dUI7aWWVHXH1tGxdAAAO is connected
2024-07-01 23:50:10 [33mwarn[39m: User dUI7aWWVHXH1tGxdAAAO is disconnected
2024-07-01 23:50:10 [32minfo[39m: User yOhedM2OGJzBEg1OAAAQ is connected
2024-07-01 23:50:10 [33mwarn[39m: User yOhedM2OGJzBEg1OAAAQ is disconnected
2024-07-01 23:50:10 [32minfo[39m: User CNCZEB7ad8UXppDuAAAS is connected
2024-07-01 23:51:13 [33mwarn[39m: User CNCZEB7ad8UXppDuAAAS is disconnected
2024-07-01 23:51:13 [32minfo[39m: User M9PU6ps434Haa-AeAAAU is connected
2024-07-01 23:51:15 [33mwarn[39m: User M9PU6ps434Haa-AeAAAU is disconnected
2024-07-01 23:51:15 [32minfo[39m: User Edt9yKc-3juoMimDAAAW is connected
2024-07-01 23:51:15 [33mwarn[39m: User Edt9yKc-3juoMimDAAAW is disconnected
2024-07-01 23:51:15 [32minfo[39m: User zchGlI4xs5qWr0bWAAAY is connected
2024-07-01 23:52:28 [33mwarn[39m: User zchGlI4xs5qWr0bWAAAY is disconnected
2024-07-01 23:52:28 [32minfo[39m: User oF_J0-8o6MaaOEFdAAAa is connected
2024-07-01 23:53:13 [33mwarn[39m: User oF_J0-8o6MaaOEFdAAAa is disconnected
2024-07-01 23:53:13 [32minfo[39m: User B4ndpr9xk2kqTc7qAAAc is connected
2024-07-01 23:53:23 [33mwarn[39m: User B4ndpr9xk2kqTc7qAAAc is disconnected
2024-07-01 23:53:24 [32minfo[39m: User oIx5DUc1U3S9cihEAAAf is connected
2024-07-01 23:55:04 [33mwarn[39m: User oIx5DUc1U3S9cihEAAAf is disconnected
2024-07-01 23:55:04 [32minfo[39m: User 925uAMc8V4u4NrHpAAAh is connected
2024-07-02 00:00:36 [33mwarn[39m: User 925uAMc8V4u4NrHpAAAh is disconnected
2024-07-02 00:01:27 [32minfo[39m: User vWBk-DfUy-NIDRE9AAAk is connected
2024-07-02 10:39:44 [32minfo[39m: Server running on port 3000
2024-07-02 10:39:44 [32minfo[39m: User Rlq66jE_BnSboqkiAAAB is connected
2024-07-02 10:39:48 [33mwarn[39m: User Rlq66jE_BnSboqkiAAAB is disconnected
2024-07-02 10:39:48 [32minfo[39m: User yU4LhrOjdXgmrALjAAAD is connected
2024-07-02 10:39:49 [33mwarn[39m: User yU4LhrOjdXgmrALjAAAD is disconnected
2024-07-02 10:40:05 [32minfo[39m: User fJeyBTWj4lClagTBAAAF is connected
2024-07-02 10:40:06 [32minfo[39m: [login-whatsapp] - El whatsapp 9d941509-8e7c-4897-9fa2-fcb27e406e2f está iniciando sesión
2024-07-02 10:40:08 [32minfo[39m: [login-whatsapp] - El whatsapp 37b3ca65-a66d-46d0-93bd-3597e32bbf27 está iniciando sesión
2024-07-02 10:40:09 [32minfo[39m: [login-whatsapp] - El whatsapp eff86ca6-4ff1-44ec-9321-ee981f4f7671 está iniciando sesión
2024-07-02 10:40:41 [33mwarn[39m: User fJeyBTWj4lClagTBAAAF is disconnected
2024-07-02 10:40:41 [32minfo[39m: User 9mziZyBeg5wEUCs5AAAH is connected
2024-07-02 10:42:50 [33mwarn[39m: User 9mziZyBeg5wEUCs5AAAH is disconnected
2024-07-02 10:42:50 [32minfo[39m: User 24y7urgqqKInbZurAAAJ is connected
2024-07-02 10:43:10 [33mwarn[39m: User 24y7urgqqKInbZurAAAJ is disconnected
2024-07-02 10:43:10 [32minfo[39m: User seigvUkqf_suV-c5AAAL is connected
2024-07-02 10:43:13 [33mwarn[39m: User seigvUkqf_suV-c5AAAL is disconnected
2024-07-02 10:43:14 [32minfo[39m: User eBYv5d65Jko1DBLPAAAN is connected
2024-07-02 10:43:14 [32minfo[39m: User EtW2nVX80ZcFi33FAAAP is connected
2024-07-02 10:43:14 [33mwarn[39m: User eBYv5d65Jko1DBLPAAAN is disconnected
2024-07-02 10:43:43 [33mwarn[39m: User EtW2nVX80ZcFi33FAAAP is disconnected
2024-07-02 10:43:43 [32minfo[39m: User JAGTFeo6KUFK2wwEAAAR is connected
2024-07-02 10:43:48 [33mwarn[39m: User JAGTFeo6KUFK2wwEAAAR is disconnected
2024-07-02 10:43:49 [32minfo[39m: User LDP9Gyaz0Nb7M4hwAAAT is connected
2024-07-02 10:43:49 [33mwarn[39m: User LDP9Gyaz0Nb7M4hwAAAT is disconnected
2024-07-02 10:43:49 [32minfo[39m: User MqPZmRl_9_x0swfOAAAV is connected
2024-07-02 10:47:41 [33mwarn[39m: User MqPZmRl_9_x0swfOAAAV is disconnected
2024-07-02 10:47:41 [32minfo[39m: User gr9jGYEL6KralTGyAAAX is connected
2024-07-02 10:48:08 [33mwarn[39m: User gr9jGYEL6KralTGyAAAX is disconnected
2024-07-02 10:48:08 [32minfo[39m: User oM5AhNwLDh4JNPJJAAAZ is connected
2024-07-02 11:54:47 [33mwarn[39m: User oM5AhNwLDh4JNPJJAAAZ is disconnected
2024-07-02 11:54:47 [32minfo[39m: User V-JMO_gxg4yloRCwAAAb is connected
2024-07-02 11:55:19 [32minfo[39m: Server running on port 3000
2024-07-02 11:55:19 [32minfo[39m: User gCjEMKX7r_Nansj-AAAC is connected
2024-07-02 11:55:27 [33mwarn[39m: User gCjEMKX7r_Nansj-AAAC is disconnected
2024-07-02 11:55:34 [32minfo[39m: User 0_JZJUiRm5Df0YfxAAAE is connected
2024-07-02 11:55:35 [32minfo[39m: [login-whatsapp] - El whatsapp 9d941509-8e7c-4897-9fa2-fcb27e406e2f está iniciando sesión
2024-07-02 11:55:58 [32minfo[39m: [login-whatsapp] - El whatsapp 37b3ca65-a66d-46d0-93bd-3597e32bbf27 está iniciando sesión
2024-07-02 11:55:59 [32minfo[39m: [login-whatsapp] - El whatsapp eff86ca6-4ff1-44ec-9321-ee981f4f7671 está iniciando sesión
2024-07-02 11:56:07 [33mwarn[39m: User 0_JZJUiRm5Df0YfxAAAE is disconnected
2024-07-02 11:56:07 [32minfo[39m: User AfdnPoaNRRaPskbvAAAG is connected
2024-07-02 11:58:37 [33mwarn[39m: User AfdnPoaNRRaPskbvAAAG is disconnected
2024-07-02 11:58:37 [32minfo[39m: User _qqv2eVRa3grP1gCAAAI is connected
2024-07-02 12:01:07 [33mwarn[39m: User _qqv2eVRa3grP1gCAAAI is disconnected
2024-07-02 12:01:07 [32minfo[39m: User mjNhY854WoxJqvSEAAAK is connected
2024-07-02 12:02:46 [33mwarn[39m: User mjNhY854WoxJqvSEAAAK is disconnected
2024-07-02 12:02:46 [32minfo[39m: User lNp13O_1yQOC32BcAAAM is connected
2024-07-02 12:02:57 [33mwarn[39m: User lNp13O_1yQOC32BcAAAM is disconnected
2024-07-02 12:02:57 [32minfo[39m: User IlzeIetPiNgdMjtOAAAO is connected
2024-07-02 12:03:00 [33mwarn[39m: User IlzeIetPiNgdMjtOAAAO is disconnected
2024-07-02 12:03:00 [32minfo[39m: User UClBP4Su5edB_Vs4AAAQ is connected
2024-07-02 12:03:11 [33mwarn[39m: User UClBP4Su5edB_Vs4AAAQ is disconnected
2024-07-02 12:03:11 [32minfo[39m: User njtZ65d0TLifkzGHAAAS is connected
2024-07-02 12:03:11 [33mwarn[39m: User njtZ65d0TLifkzGHAAAS is disconnected
2024-07-02 12:03:11 [32minfo[39m: User lhemfDuhFdMqjLVFAAAU is connected
2024-07-02 12:04:20 [33mwarn[39m: User lhemfDuhFdMqjLVFAAAU is disconnected
2024-07-02 12:04:31 [32minfo[39m: User d7rBhR4L8mAzucFGAAAX is connected
2024-07-02 12:04:31 [33mwarn[39m: User d7rBhR4L8mAzucFGAAAX is disconnected
2024-07-02 12:04:31 [32minfo[39m: User VRiC6r56Ows4vDc9AAAZ is connected
2024-07-02 12:05:21 [33mwarn[39m: User VRiC6r56Ows4vDc9AAAZ is disconnected
2024-07-02 12:05:21 [32minfo[39m: User EZz9qYYbac-QuBsWAAAb is connected
2024-07-02 12:05:35 [33mwarn[39m: User EZz9qYYbac-QuBsWAAAb is disconnected
2024-07-02 12:05:35 [32minfo[39m: User moESD3YB4xvStNZ0AAAd is connected
2024-07-02 12:06:18 [33mwarn[39m: User moESD3YB4xvStNZ0AAAd is disconnected
2024-07-02 12:06:18 [32minfo[39m: User jpXJT-vIyWSnzTGsAAAf is connected
2024-07-02 12:06:24 [33mwarn[39m: User jpXJT-vIyWSnzTGsAAAf is disconnected
2024-07-02 12:06:24 [32minfo[39m: User ql8gZp6OI41YsYoZAAAh is connected
2024-07-02 12:06:47 [33mwarn[39m: User ql8gZp6OI41YsYoZAAAh is disconnected
2024-07-02 12:06:47 [32minfo[39m: User 6ywumvaOJbGb4WbJAAAj is connected
2024-07-02 12:07:23 [33mwarn[39m: User 6ywumvaOJbGb4WbJAAAj is disconnected
2024-07-02 12:07:23 [32minfo[39m: User O564IXr9WDdPSWShAAAl is connected
2024-07-02 12:09:40 [33mwarn[39m: User O564IXr9WDdPSWShAAAl is disconnected
2024-07-02 12:09:40 [32minfo[39m: User LdkK0fjIqmaL7WryAAAo is connected
2024-07-02 12:09:45 [33mwarn[39m: User LdkK0fjIqmaL7WryAAAo is disconnected
2024-07-02 12:09:47 [32minfo[39m: User 9g6iSF8cWVsTPTcgAAAr is connected
2024-07-02 12:10:38 [33mwarn[39m: User 9g6iSF8cWVsTPTcgAAAr is disconnected
2024-07-02 12:10:38 [32minfo[39m: User vMCR5Ua0NdMIL4CvAAAt is connected
2024-07-02 12:10:46 [33mwarn[39m: User vMCR5Ua0NdMIL4CvAAAt is disconnected
2024-07-02 12:10:46 [32minfo[39m: User cWGg1vNCrKLI26huAAAv is connected
2024-07-02 12:12:23 [33mwarn[39m: User cWGg1vNCrKLI26huAAAv is disconnected
2024-07-02 12:12:23 [32minfo[39m: User 47cfI7AUA5EcZDfrAAAx is connected
2024-07-02 12:12:37 [33mwarn[39m: User 47cfI7AUA5EcZDfrAAAx is disconnected
2024-07-02 12:12:37 [32minfo[39m: User Ps3BoubzSBhgQEZLAAAz is connected
2024-07-02 12:13:29 [33mwarn[39m: User Ps3BoubzSBhgQEZLAAAz is disconnected
2024-07-02 12:15:37 [32minfo[39m: User YaMvleZCmUwEyOyIAAA1 is connected
2024-07-02 12:16:39 [33mwarn[39m: User YaMvleZCmUwEyOyIAAA1 is disconnected
2024-07-02 12:16:40 [32minfo[39m: User kE3OpxucJMFj66-kAAA3 is connected
2024-07-02 12:21:20 [32minfo[39m: Server running on port 3000
2024-07-02 12:21:20 [32minfo[39m: User xofxbranBA_9t4uGAAAB is connected
2024-07-02 12:21:52 [32minfo[39m: Server running on port 3000
2024-07-02 12:21:52 [32minfo[39m: User 7LGaywnbXkLMD1GAAAAB is connected
2024-07-02 12:21:53 [33mwarn[39m: User 7LGaywnbXkLMD1GAAAAB is disconnected
2024-07-02 12:21:54 [32minfo[39m: User FlzKsEIzJzDKiGT7AAAD is connected
2024-07-02 12:21:57 [32minfo[39m: [login-whatsapp] - El whatsapp 9d941509-8e7c-4897-9fa2-fcb27e406e2f está iniciando sesión
2024-07-02 12:21:59 [32minfo[39m: [login-whatsapp] - El whatsapp 37b3ca65-a66d-46d0-93bd-3597e32bbf27 está iniciando sesión
2024-07-02 12:22:01 [32minfo[39m: [login-whatsapp] - El whatsapp eff86ca6-4ff1-44ec-9321-ee981f4f7671 está iniciando sesión
2024-07-02 12:51:24 [33mwarn[39m: User FlzKsEIzJzDKiGT7AAAD is disconnected
2024-07-02 12:51:25 [32minfo[39m: User U1oUO2Ff4ejNyW1vAAAF is connected
2024-07-02 12:53:26 [33mwarn[39m: User U1oUO2Ff4ejNyW1vAAAF is disconnected
2024-07-02 12:53:28 [32minfo[39m: User u8tgV8NFAMcixdWpAAAH is connected
2024-07-02 12:55:43 [32minfo[39m: Server running on port 3000
2024-07-02 12:55:43 [32minfo[39m: User Qt8Lvpj2LvEmQd3UAAAB is connected
2024-07-02 12:56:36 [32minfo[39m: Server running on port 3000
2024-07-02 12:56:36 [32minfo[39m: User f9krBJD8GUFt3XJnAAAB is connected
2024-07-02 12:59:56 [32minfo[39m: Server running on port 3000
2024-07-02 12:59:59 [32minfo[39m: User jk4A4RtfI9SqRHgWAAAB is connected
2024-07-02 13:00:40 [32minfo[39m: Server running on port 3000
2024-07-02 13:00:40 [32minfo[39m: User xqG5qw0u2XLSrpQ3AAAB is connected
2024-07-02 13:01:12 [32minfo[39m: Server running on port 3000
2024-07-02 13:01:12 [32minfo[39m: User 1Ak2lF1GFzGIC78kAAAB is connected
2024-07-02 13:01:29 [33mwarn[39m: User 1Ak2lF1GFzGIC78kAAAB is disconnected
2024-07-02 13:01:30 [32minfo[39m: User iXDTXG1gD4PlYp1_AAAD is connected
2024-07-02 13:02:01 [32minfo[39m: Server running on port 3000
2024-07-02 13:02:01 [32minfo[39m: User VUwcXCvi_I-Wdq3sAAAB is connected
2024-07-02 13:02:04 [33mwarn[39m: User VUwcXCvi_I-Wdq3sAAAB is disconnected
2024-07-02 13:02:04 [32minfo[39m: User sZ9ZVMQ9RVE3nNLdAAAD is connected
2024-07-02 13:02:13 [33mwarn[39m: User sZ9ZVMQ9RVE3nNLdAAAD is disconnected
2024-07-02 13:02:13 [32minfo[39m: User 3Iyleh85-pLCXn5zAAAF is connected
2024-07-02 13:05:01 [33mwarn[39m: User 3Iyleh85-pLCXn5zAAAF is disconnected
2024-07-02 13:05:01 [32minfo[39m: User Zv9QWgg-sQzlXp09AAAH is connected
2024-07-02 13:17:47 [32minfo[39m: Server running on port 3000
2024-07-02 13:17:47 [32minfo[39m: User ZAfDGyLhqQlvuEV1AAAB is connected
2024-07-02 13:18:58 [33mwarn[39m: User ZAfDGyLhqQlvuEV1AAAB is disconnected
2024-07-02 13:18:58 [32minfo[39m: User P0_GnI0ANn9nDinaAAAD is connected
2024-07-02 13:19:26 [32minfo[39m: [login-whatsapp] - El whatsapp afa05668-b774-4d60-b2be-d2b47174b139 está iniciando sesión
2024-07-02 13:21:59 [32minfo[39m: Server running on port 3000
2024-07-02 13:21:59 [32minfo[39m: User Iuxq_mdGFAMOJxgRAAAB is connected
2024-07-02 13:22:13 [33mwarn[39m: User Iuxq_mdGFAMOJxgRAAAB is disconnected
2024-07-02 13:22:13 [32minfo[39m: User GO4EOvhxT5tybsYVAAAD is connected
2024-07-02 13:26:23 [32minfo[39m: Server running on port 3000
2024-07-02 13:26:23 [32minfo[39m: User AZVaGTcKeH9TFm35AAAB is connected
2024-07-02 13:26:24 [33mwarn[39m: User AZVaGTcKeH9TFm35AAAB is disconnected
2024-07-02 13:26:24 [32minfo[39m: User bRJ96CkTL4tAdimHAAAD is connected
2024-07-02 13:28:44 [33mwarn[39m: User bRJ96CkTL4tAdimHAAAD is disconnected
2024-07-02 13:28:44 [32minfo[39m: User m2t-KZbTzRlYXD59AAAF is connected
2024-07-02 13:28:44 [33mwarn[39m: User m2t-KZbTzRlYXD59AAAF is disconnected
2024-07-02 13:28:45 [32minfo[39m: User coXHuOO9ExvBWtIzAAAH is connected
2024-07-02 13:30:18 [32minfo[39m: Server running on port 3000
2024-07-02 13:30:19 [32minfo[39m: User UfuDPCb141XPXL0lAAAB is connected
2024-07-02 13:31:24 [33mwarn[39m: User UfuDPCb141XPXL0lAAAB is disconnected
2024-07-02 13:31:24 [32minfo[39m: User C6pdYGcyr2PPJUHuAAAD is connected
2024-07-02 13:32:24 [33mwarn[39m: User C6pdYGcyr2PPJUHuAAAD is disconnected
2024-07-02 13:32:25 [32minfo[39m: User jxu8OvjclBUHUsEbAAAF is connected
2024-07-02 13:32:25 [33mwarn[39m: User jxu8OvjclBUHUsEbAAAF is disconnected
2024-07-02 13:32:26 [32minfo[39m: User LOWqoZ73q03UrYfnAAAH is connected
2024-07-02 13:32:35 [32minfo[39m: Server running on port 3000
2024-07-02 13:32:35 [32minfo[39m: User aw-6NvblXfQjARDtAAAB is connected
2024-07-02 13:32:42 [33mwarn[39m: User aw-6NvblXfQjARDtAAAB is disconnected
2024-07-02 13:32:42 [32minfo[39m: User w9H8aUd799X7COyaAAAD is connected
2024-07-02 13:32:49 [33mwarn[39m: User w9H8aUd799X7COyaAAAD is disconnected
2024-07-02 13:32:49 [32minfo[39m: User ttxkOYAub4DR7zdHAAAF is connected
2024-07-02 14:08:53 [32minfo[39m: Server running on port 3000
2024-07-02 14:08:53 [32minfo[39m: User evo0khh60SdlwYBIAAAB is connected
2024-07-02 14:09:12 [32minfo[39m: Server running on port 3000
2024-07-02 14:09:12 [32minfo[39m: User CJcbGEzyYBpyvF-6AAAB is connected
2024-07-02 14:09:42 [33mwarn[39m: User CJcbGEzyYBpyvF-6AAAB is disconnected
2024-07-02 14:09:43 [32minfo[39m: User ZAMUJNqpXpWb3DWTAAAD is connected
2024-07-02 14:09:45 [32minfo[39m: [login-whatsapp] - El whatsapp 2551d57d-4bd1-428a-8446-91a13e7a47a3 está iniciando sesión
2024-07-02 14:53:19 [33mwarn[39m: User ZAMUJNqpXpWb3DWTAAAD is disconnected
2024-07-02 14:53:20 [32minfo[39m: User jzpZDzoavV--66yiAAAF is connected
2024-07-02 14:57:02 [33mwarn[39m: User jzpZDzoavV--66yiAAAF is disconnected
2024-07-02 14:57:02 [32minfo[39m: User MY4CYvFe1t5OknLaAAAH is connected
2024-07-02 14:57:04 [33mwarn[39m: User MY4CYvFe1t5OknLaAAAH is disconnected
2024-07-02 14:57:05 [32minfo[39m: User 7BpksB0_Df19_z7aAAAK is connected
2024-07-02 14:57:06 [33mwarn[39m: User 7BpksB0_Df19_z7aAAAK is disconnected
2024-07-02 14:57:07 [32minfo[39m: User 8xz8wwx8eOA-HNrKAAAN is connected
2024-07-02 14:57:08 [33mwarn[39m: User 8xz8wwx8eOA-HNrKAAAN is disconnected
2024-07-02 14:57:08 [32minfo[39m: User YhgIox6-tskEO8BFAAAQ is connected
2024-07-02 14:57:09 [33mwarn[39m: User YhgIox6-tskEO8BFAAAQ is disconnected
2024-07-02 14:57:09 [32minfo[39m: User oHSFlcuC0Qq8jRE9AAAT is connected
2024-07-02 14:57:10 [33mwarn[39m: User oHSFlcuC0Qq8jRE9AAAT is disconnected
2024-07-02 15:00:20 [32minfo[39m: User V2AbSxaqiksCDNCbAAAW is connected
2024-07-02 15:00:21 [33mwarn[39m: User V2AbSxaqiksCDNCbAAAW is disconnected
2024-07-02 15:00:22 [32minfo[39m: User 4TKU1mdSEUpLEDsLAAAZ is connected
2024-07-02 15:06:55 [33mwarn[39m: User 4TKU1mdSEUpLEDsLAAAZ is disconnected
2024-07-02 15:06:57 [32minfo[39m: User E4b9U9unYn6KzY2TAAAc is connected
2024-07-02 15:09:45 [33mwarn[39m: User E4b9U9unYn6KzY2TAAAc is disconnected
2024-07-02 15:09:47 [32minfo[39m: User XOguU7n-HLgDkpaeAAAf is connected
2024-07-02 15:09:48 [33mwarn[39m: User XOguU7n-HLgDkpaeAAAf is disconnected
2024-07-02 18:03:30 [32minfo[39m: User DVYZAxef27QT1CoRAAAh is connected
2024-07-02 18:05:55 [32minfo[39m: Server running on port 3000
2024-07-02 18:05:55 [32minfo[39m: User Wr3yzKKFD2W6BM7FAAAB is connected
2024-07-02 18:06:51 [33mwarn[39m: User Wr3yzKKFD2W6BM7FAAAB is disconnected
2024-07-02 18:06:51 [32minfo[39m: User us9lvIPfBNKeNaPHAAAD is connected
2024-07-02 18:07:02 [32minfo[39m: Server running on port 3000
2024-07-02 18:07:02 [32minfo[39m: User kj_83lgmJi7gONBJAAAB is connected
2024-07-02 18:08:27 [33mwarn[39m: User kj_83lgmJi7gONBJAAAB is disconnected
2024-07-02 18:08:27 [32minfo[39m: User aTbCMxmjl1RFoAHIAAAD is connected
2024-07-02 18:08:39 [32minfo[39m: [login-whatsapp] - El whatsapp 2551d57d-4bd1-428a-8446-91a13e7a47a3 está iniciando sesión
2024-07-02 18:09:20 [33mwarn[39m: User aTbCMxmjl1RFoAHIAAAD is disconnected
2024-07-02 18:09:20 [32minfo[39m: User _8bjckQQTfaSir_bAAAF is connected
2024-07-02 18:10:01 [32minfo[39m: Server running on port 3000
2024-07-02 18:10:01 [32minfo[39m: User mWVcnVzdQCTVuq3NAAAB is connected
2024-07-02 18:10:07 [32minfo[39m: [login-whatsapp] - El whatsapp 2551d57d-4bd1-428a-8446-91a13e7a47a3 está iniciando sesión
2024-07-02 18:11:35 [33mwarn[39m: User mWVcnVzdQCTVuq3NAAAB is disconnected
2024-07-02 18:11:36 [32minfo[39m: User kd-YhQZ-M63Y9kcJAAAD is connected
2024-07-02 18:12:37 [33mwarn[39m: User kd-YhQZ-M63Y9kcJAAAD is disconnected
2024-07-02 18:12:37 [32minfo[39m: User JeukT0e0WPPU7VkzAAAF is connected
2024-07-02 18:12:48 [33mwarn[39m: User JeukT0e0WPPU7VkzAAAF is disconnected
2024-07-02 18:12:49 [32minfo[39m: User cW0dRpBuleusLPDVAAAH is connected
2024-07-02 18:13:12 [32minfo[39m: Server running on port 3000
2024-07-02 18:13:12 [32minfo[39m: User qiy4muyNtheQo0ncAAAB is connected
2024-07-02 18:13:15 [33mwarn[39m: User qiy4muyNtheQo0ncAAAB is disconnected
2024-07-02 18:13:15 [32minfo[39m: User EeRupDzrZUevdR1yAAAD is connected
2024-07-02 18:13:19 [32minfo[39m: [login-whatsapp] - El whatsapp 2551d57d-4bd1-428a-8446-91a13e7a47a3 está iniciando sesión
2024-07-02 18:14:36 [32minfo[39m: Server running on port 3000
2024-07-02 18:14:36 [32minfo[39m: User H0GAXhiS0NSmAfbQAAAB is connected
2024-07-02 18:14:42 [32minfo[39m: Server running on port 3000
2024-07-02 18:14:43 [32minfo[39m: User 0jJatmm5I2YqIL7WAAAB is connected
2024-07-02 18:14:48 [33mwarn[39m: User 0jJatmm5I2YqIL7WAAAB is disconnected
2024-07-02 18:14:48 [32minfo[39m: User PcwKmH8VUaYPpOhGAAAD is connected
2024-07-02 18:14:52 [32minfo[39m: [login-whatsapp] - El whatsapp 2551d57d-4bd1-428a-8446-91a13e7a47a3 está iniciando sesión
2024-07-02 18:14:59 [33mwarn[39m: User PcwKmH8VUaYPpOhGAAAD is disconnected
2024-07-02 18:14:59 [32minfo[39m: User VLEPVeOK3xetod2eAAAF is connected
2024-07-02 18:14:59 [33mwarn[39m: User VLEPVeOK3xetod2eAAAF is disconnected
2024-07-02 18:17:10 [32minfo[39m: User 9YpvS_V87SK99yBpAAAH is connected
2024-07-02 18:19:20 [33mwarn[39m: User 9YpvS_V87SK99yBpAAAH is disconnected
2024-07-02 18:19:21 [32minfo[39m: User 1zef6Orq2QffaVGzAAAJ is connected
2024-07-02 18:21:34 [32minfo[39m: Server running on port 3000
2024-07-02 18:21:34 [32minfo[39m: User zFMyYVVH_Qnw5LwuAAAB is connected
2024-07-02 18:21:39 [32minfo[39m: [login-whatsapp] - El whatsapp 2551d57d-4bd1-428a-8446-91a13e7a47a3 está iniciando sesión
2024-07-02 18:23:15 [32minfo[39m: Server running on port 3000
2024-07-02 18:23:15 [32minfo[39m: User srVmfYNxOYn_m1EVAAAB is connected
2024-07-02 18:23:19 [32minfo[39m: [login-whatsapp] - El whatsapp 2551d57d-4bd1-428a-8446-91a13e7a47a3 está iniciando sesión
2024-07-02 18:35:18 [32minfo[39m: Server running on port 3000
2024-07-02 18:35:19 [32minfo[39m: User Jb5k2LvttsYcN9nAAAAB is connected
2024-07-02 18:38:47 [32minfo[39m: Server running on port 3000
2024-07-02 18:38:47 [32minfo[39m: User CJ--_8y_VHz99xJRAAAB is connected
2024-07-02 18:38:56 [32minfo[39m: Server running on port 3000
2024-07-02 18:38:56 [32minfo[39m: User V7HhjujxOa902yneAAAB is connected
2024-07-02 18:39:23 [32minfo[39m: Server running on port 3000
2024-07-02 18:39:23 [32minfo[39m: User bYJsEn5F-bIQiYEGAAAB is connected
2024-07-02 18:41:26 [32minfo[39m: Server running on port 3000
2024-07-02 18:41:30 [32minfo[39m: User mrV1VrhrVv9LOJjbAAAB is connected
2024-07-02 18:41:31 [33mwarn[39m: User mrV1VrhrVv9LOJjbAAAB is disconnected
2024-07-02 18:41:31 [32minfo[39m: User 8mDOQ3VJnW16c0ISAAAD is connected
2024-07-02 18:42:34 [32minfo[39m: Server running on port 3000
2024-07-02 18:42:34 [32minfo[39m: User 3214lTfX5U-rlE0vAAAB is connected
2024-07-02 18:43:43 [32minfo[39m: Server running on port 3000
2024-07-02 18:43:43 [32minfo[39m: User 3QltGTc5ArKF9ALMAAAB is connected
2024-07-02 18:44:18 [32minfo[39m: Server running on port 3000
2024-07-02 18:44:18 [32minfo[39m: User oy71lC0nTkGDJkIGAAAB is connected
2024-07-02 18:50:26 [32minfo[39m: [login-whatsapp] - El whatsapp 2551d57d-4bd1-428a-8446-91a13e7a47a3 está iniciando sesión
2024-07-02 18:53:11 [32minfo[39m: Server running on port 3000
2024-07-02 18:53:11 [32minfo[39m: User 9_EoyDQJ2uh7FOVJAAAB is connected
2024-07-02 18:53:17 [32minfo[39m: [login-whatsapp] - El whatsapp 2551d57d-4bd1-428a-8446-91a13e7a47a3 está iniciando sesión
2024-07-02 18:53:53 [33mwarn[39m: User 9_EoyDQJ2uh7FOVJAAAB is disconnected
2024-07-02 18:53:53 [32minfo[39m: User N9MUvyjNtQii3e5rAAAD is connected
2024-07-02 18:55:30 [32minfo[39m: Server running on port 3000
2024-07-02 18:55:30 [32minfo[39m: User 0k4mXCKKR9caheYhAAAB is connected
2024-07-02 21:20:42 [32minfo[39m: Server running on port 3000
2024-07-02 21:20:43 [32minfo[39m: User pDxMu-U3__C0WNmbAAAB is connected
2024-07-02 21:21:15 [33mwarn[39m: User pDxMu-U3__C0WNmbAAAB is disconnected
2024-07-02 21:21:19 [32minfo[39m: User UA3-uaqH_Ny71I0cAAAD is connected
2024-07-02 21:21:47 [32minfo[39m: [login-whatsapp] - El whatsapp 2551d57d-4bd1-428a-8446-91a13e7a47a3 está iniciando sesión
2024-07-02 21:34:09 [32minfo[39m: Server running on port 3000
2024-07-02 21:34:09 [32minfo[39m: User 52aZntc5d-QZc1GVAAAB is connected
2024-07-02 21:34:16 [33mwarn[39m: User 52aZntc5d-QZc1GVAAAB is disconnected
2024-07-02 21:34:16 [32minfo[39m: User l4YJoD4lc0ncZLb9AAAD is connected
2024-07-02 21:34:18 [32minfo[39m: [login-whatsapp] - El whatsapp 2551d57d-4bd1-428a-8446-91a13e7a47a3 está iniciando sesión
2024-07-02 21:37:06 [32minfo[39m: Server running on port 3000
2024-07-02 21:37:06 [32minfo[39m: User e1pUjDkrJLwuKZI2AAAB is connected
2024-07-02 21:37:51 [32minfo[39m: Server running on port 3000
2024-07-02 21:37:51 [32minfo[39m: User cgRfDkwgimfloRn6AAAB is connected
2024-07-02 21:38:02 [33mwarn[39m: User cgRfDkwgimfloRn6AAAB is disconnected
2024-07-02 21:38:02 [32minfo[39m: User sdhcD0X3rm3YV9A4AAAD is connected
2024-07-02 21:38:06 [32minfo[39m: [login-whatsapp] - El whatsapp 2551d57d-4bd1-428a-8446-91a13e7a47a3 está iniciando sesión
2024-07-02 21:45:40 [32minfo[39m: Server running on port 3000
2024-07-02 21:45:40 [32minfo[39m: User qYs6z2_kRZ5hq279AAAB is connected
2024-07-02 21:45:47 [33mwarn[39m: User qYs6z2_kRZ5hq279AAAB is disconnected
2024-07-02 21:45:47 [32minfo[39m: User pW68lMsPMvc5UZoYAAAD is connected
2024-07-02 21:49:05 [32minfo[39m: Server running on port 3000
2024-07-02 21:49:05 [32minfo[39m: User Awt3k_ZLb5CCtDjZAAAB is connected
2024-07-02 21:49:14 [33mwarn[39m: User Awt3k_ZLb5CCtDjZAAAB is disconnected
2024-07-02 21:49:16 [32minfo[39m: User m4WJjDdFwXQOa_zuAAAD is connected
2024-07-02 21:49:47 [32minfo[39m: Server running on port 3000
2024-07-02 21:49:47 [32minfo[39m: User gvana1f6zKH_fWR_AAAB is connected
2024-07-02 21:49:52 [32minfo[39m: [login-whatsapp] - El whatsapp 2551d57d-4bd1-428a-8446-91a13e7a47a3 está iniciando sesión
2024-07-02 21:51:51 [32minfo[39m: Server running on port 3000
2024-07-02 21:51:51 [32minfo[39m: User yHLklUONS4PlJeQ9AAAB is connected
2024-07-02 21:51:54 [32minfo[39m: [login-whatsapp] - El whatsapp 2551d57d-4bd1-428a-8446-91a13e7a47a3 está iniciando sesión
2024-07-02 21:55:38 [32minfo[39m: Server running on port 3000
2024-07-02 21:55:40 [32minfo[39m: User b3YTH16DkYzUzlceAAAB is connected
2024-07-02 21:55:40 [33mwarn[39m: User b3YTH16DkYzUzlceAAAB is disconnected
2024-07-02 21:55:41 [32minfo[39m: User g5ISpxFbwTlzgdpGAAAD is connected
2024-07-02 21:58:28 [32minfo[39m: Server running on port 3000
2024-07-02 21:58:28 [32minfo[39m: User 8462rsTEfKLFsIhzAAAB is connected
2024-07-02 22:16:18 [32minfo[39m: Server running on port 3000
2024-07-02 22:16:18 [32minfo[39m: User aY4a8vE81Ie2iG1gAAAB is connected
2024-07-02 22:16:22 [33mwarn[39m: User aY4a8vE81Ie2iG1gAAAB is disconnected
2024-07-02 22:16:23 [32minfo[39m: User 1_wMF-o9sFFvv6tTAAAD is connected
2024-07-03 11:00:12 [32minfo[39m: Server running on port 3000
2024-07-03 11:00:13 [32minfo[39m: User Dsm2XFPUb57ZUPLcAAAB is connected
2024-07-03 11:00:15 [33mwarn[39m: User Dsm2XFPUb57ZUPLcAAAB is disconnected
2024-07-03 11:00:16 [32minfo[39m: User -UJqQenyy5fGyTXMAAAD is connected
2024-07-03 11:29:08 [32minfo[39m: Message sent to 5491132404558 using WhatsApp index 0
2024-07-03 11:29:09 [32minfo[39m: Message sent to 5491132404558 using WhatsApp index 0
2024-07-03 11:29:18 [33mwarn[39m: User -UJqQenyy5fGyTXMAAAD is disconnected
2024-07-03 11:29:19 [32minfo[39m: User WdhBteWaUpJin2G_AAAF is connected
2024-07-03 11:30:21 [32minfo[39m: Server running on port 3000
2024-07-03 11:30:21 [32minfo[39m: User 0mw_S-1YMuUQhh_-AAAB is connected
2024-07-03 11:30:33 [33mwarn[39m: User 0mw_S-1YMuUQhh_-AAAB is disconnected
2024-07-03 11:30:34 [32minfo[39m: User FnR3ch4Ug8M6MVkvAAAD is connected
2024-07-03 11:31:23 [32minfo[39m: [login-whatsapp] - El whatsapp 3731ed65-965b-48a5-930b-8816caf1afca está iniciando sesión
2024-07-03 11:45:22 [32minfo[39m: Server running on port 3000
2024-07-03 11:45:22 [32minfo[39m: User c1X2dQ5u63BpocKqAAAB is connected
2024-07-03 11:45:34 [32minfo[39m: [login-whatsapp] - El whatsapp 3731ed65-965b-48a5-930b-8816caf1afca está iniciando sesión
2024-07-03 11:46:17 [32minfo[39m: Server running on port 3000
2024-07-03 11:46:17 [32minfo[39m: User 35NzmlJlXbNm1NmgAAAB is connected
2024-07-03 11:46:20 [32minfo[39m: [login-whatsapp] - El whatsapp 3731ed65-965b-48a5-930b-8816caf1afca está iniciando sesión
2024-07-03 11:47:30 [32minfo[39m: Server running on port 3000
2024-07-03 11:47:30 [32minfo[39m: User iMKCiM8LG2V8rOaAAAAB is connected
2024-07-03 11:47:34 [32minfo[39m: [login-whatsapp] - El whatsapp 3731ed65-965b-48a5-930b-8816caf1afca está iniciando sesión
2024-07-03 11:48:10 [32minfo[39m: Server running on port 3000
2024-07-03 11:48:10 [32minfo[39m: User 6GOdoF4UaMl9RcW8AAAB is connected
2024-07-03 11:48:15 [32minfo[39m: [login-whatsapp] - El whatsapp 3731ed65-965b-48a5-930b-8816caf1afca está iniciando sesión
2024-07-03 11:48:54 [33mwarn[39m: User 6GOdoF4UaMl9RcW8AAAB is disconnected
2024-07-03 11:48:54 [32minfo[39m: User 4N-R5EkFuIi9uYKMAAAD is connected
2024-07-03 11:49:41 [33mwarn[39m: User 4N-R5EkFuIi9uYKMAAAD is disconnected
2024-07-03 11:49:42 [32minfo[39m: User 1uIOX9NnzcacMpbUAAAF is connected
2024-07-03 11:51:03 [33mwarn[39m: User 1uIOX9NnzcacMpbUAAAF is disconnected
2024-07-03 11:51:03 [32minfo[39m: User AWXzl-wYXUGQXroWAAAH is connected
2024-07-03 12:40:09 [32minfo[39m: Message sent to 5491132404558 using WhatsApp index 0
2024-07-03 12:40:13 [32minfo[39m: Message sent to 5491132404559 using WhatsApp index 0
2024-07-03 12:40:19 [32minfo[39m: Message sent to 5491132404560 using WhatsApp index 0
2024-07-03 12:40:25 [32minfo[39m: Message sent to 5491132404561 using WhatsApp index 0
2024-07-03 12:40:31 [32minfo[39m: Message sent to 5491132404562 using WhatsApp index 0
2024-07-03 12:40:36 [32minfo[39m: Message sent to 5491132404563 using WhatsApp index 0
2024-07-03 12:40:41 [32minfo[39m: Message sent to 5491132404564 using WhatsApp index 0
2024-07-03 12:40:46 [32minfo[39m: Message sent to 5491132404565 using WhatsApp index 0
2024-07-03 12:40:51 [32minfo[39m: Message sent to 5491132404566 using WhatsApp index 0
2024-07-03 12:44:50 [32minfo[39m: Server running on port 3000
2024-07-03 12:44:50 [32minfo[39m: User v_zXvFSbyMU8YdGRAAAB is connected
2024-07-03 12:44:53 [32minfo[39m: [login-whatsapp] - El whatsapp 3731ed65-965b-48a5-930b-8816caf1afca está iniciando sesión
2024-07-03 12:46:38 [32minfo[39m: Server running on port 3000
2024-07-03 12:46:38 [32minfo[39m: User 9C453_jVkCbvSqcEAAAB is connected
2024-07-03 12:46:57 [32minfo[39m: Server running on port 3000
2024-07-03 12:46:57 [32minfo[39m: User Mi04HuuwieaiTDG-AAAB is connected
2024-07-03 12:47:54 [32minfo[39m: Server running on port 3000
2024-07-03 12:47:54 [32minfo[39m: User XKnSupcNrgoOQhsiAAAB is connected
2024-07-03 12:47:56 [33mwarn[39m: User XKnSupcNrgoOQhsiAAAB is disconnected
2024-07-03 12:47:57 [32minfo[39m: User sKOWkvWGyMEhqurPAAAD is connected
2024-07-03 12:48:00 [32minfo[39m: [login-whatsapp] - El whatsapp 3731ed65-965b-48a5-930b-8816caf1afca está iniciando sesión
2024-07-03 13:02:07 [32minfo[39m: Server running on port 3000
2024-07-03 13:02:09 [32minfo[39m: User npi096SJl2RIU49eAAAB is connected
2024-07-03 13:05:16 [32minfo[39m: Server running on port 3000
2024-07-03 13:05:20 [32minfo[39m: User EKTDjUGee1begM5KAAAB is connected
2024-07-03 13:07:54 [32minfo[39m: Server running on port 3000
2024-07-03 13:07:54 [32minfo[39m: User 2gKbknKa-heejWsrAAAB is connected
2024-07-03 13:09:06 [32minfo[39m: Server running on port 3000
2024-07-03 13:09:06 [32minfo[39m: User yEuejQR8NzrA31QAAAAB is connected
2024-07-03 13:09:07 [32minfo[39m: User 9hlsvwgjzrY6GGjiAAAD is connected
2024-07-03 13:09:08 [33mwarn[39m: User 9hlsvwgjzrY6GGjiAAAD is disconnected
2024-07-03 13:47:50 [33mwarn[39m: User yEuejQR8NzrA31QAAAAB is disconnected
2024-07-03 13:47:51 [32minfo[39m: User PkfekeCGJotCDGx8AAAF is connected
2024-07-03 13:47:57 [33mwarn[39m: User PkfekeCGJotCDGx8AAAF is disconnected
2024-07-03 13:47:57 [32minfo[39m: User rLFTxpvgWmHy2un9AAAH is connected
2024-07-03 13:49:11 [33mwarn[39m: User rLFTxpvgWmHy2un9AAAH is disconnected
2024-07-03 13:49:11 [32minfo[39m: User cVrY7E3-uEls-4S7AAAJ is connected
2024-07-03 13:49:15 [33mwarn[39m: User cVrY7E3-uEls-4S7AAAJ is disconnected
2024-07-03 13:58:19 [32minfo[39m: User oqjYeG6mXef8xyicAAAL is connected
2024-07-03 13:58:20 [32minfo[39m: [login-whatsapp] - El whatsapp 3731ed65-965b-48a5-930b-8816caf1afca está iniciando sesión
2024-07-03 13:59:05 [32minfo[39m: Message sent to 5491132404558 using WhatsApp index 0
2024-07-03 13:59:09 [32minfo[39m: Message sent to 5491132404558 using WhatsApp index 0
2024-07-03 14:00:14 [33mwarn[39m: User oqjYeG6mXef8xyicAAAL is disconnected
2024-07-03 14:00:14 [32minfo[39m: User F1VqxKxGFASzbfRZAAAN is connected
2024-07-03 14:00:18 [33mwarn[39m: User F1VqxKxGFASzbfRZAAAN is disconnected
